E0121 18:09:44.592200  263132 dev.go:83] Failed to load initial config from "/home/user/ai-youtube-studio/dataconnect": could not find dataconnect.yaml in `/home/user/ai-youtube-studio/dataconnect`
E0121 18:09:44.592933  263132 watch.go:116] watchAllDir unable to walk dir `/home/user/ai-youtube-studio/dataconnect`: lstat /home/user/ai-youtube-studio/dataconnect: no such file or directory
I0121 18:09:44.603207  263132 dev.go:104] Listening on address (HTTP + gRPC): 127.0.0.1:50001
E0121 18:09:54.597172  263132 watch.go:40] Failed to load config from "/home/user/ai-youtube-studio/dataconnect": could not find dataconnect.yaml in `/home/user/ai-youtube-studio/dataconnect`
E0121 18:10:04.604099  263132 watch.go:40] Failed to load config from "/home/user/ai-youtube-studio/dataconnect": could not find dataconnect.yaml in `/home/user/ai-youtube-studio/dataconnect`
E0121 18:10:14.593340  263132 watch.go:40] Failed to load config from "/home/user/ai-youtube-studio/dataconnect": could not find dataconnect.yaml in `/home/user/ai-youtube-studio/dataconnect`
E0121 18:10:24.602138  263132 watch.go:40] Failed to load config from "/home/user/ai-youtube-studio/dataconnect": could not find dataconnect.yaml in `/home/user/ai-youtube-studio/dataconnect`
E0121 18:10:34.603322  263132 watch.go:40] Failed to load config from "/home/user/ai-youtube-studio/dataconnect": could not find dataconnect.yaml in `/home/user/ai-youtube-studio/dataconnect`
E0121 18:10:44.593299  263132 watch.go:116] watchAllDir unable to walk dir `/home/user/ai-youtube-studio/dataconnect`: lstat /home/user/ai-youtube-studio/dataconnect: no such file or directory
E0121 18:10:44.593395  263132 watch.go:40] Failed to load config from "/home/user/ai-youtube-studio/dataconnect": could not find dataconnect.yaml in `/home/user/ai-youtube-studio/dataconnect`
E0121 18:10:54.602170  263132 watch.go:40] Failed to load config from "/home/user/ai-youtube-studio/dataconnect": could not find dataconnect.yaml in `/home/user/ai-youtube-studio/dataconnect`
E0121 18:11:04.603213  263132 watch.go:40] Failed to load config from "/home/user/ai-youtube-studio/dataconnect": could not find dataconnect.yaml in `/home/user/ai-youtube-studio/dataconnect`
E0121 18:11:14.593336  263132 watch.go:40] Failed to load config from "/home/user/ai-youtube-studio/dataconnect": could not find dataconnect.yaml in `/home/user/ai-youtube-studio/dataconnect`
E0121 18:11:24.598132  263132 watch.go:40] Failed to load config from "/home/user/ai-youtube-studio/dataconnect": could not find dataconnect.yaml in `/home/user/ai-youtube-studio/dataconnect`
E0121 18:11:34.603244  263132 watch.go:40] Failed to load config from "/home/user/ai-youtube-studio/dataconnect": could not find dataconnect.yaml in `/home/user/ai-youtube-studio/dataconnect`
E0121 18:11:44.593298  263132 watch.go:40] Failed to load config from "/home/user/ai-youtube-studio/dataconnect": could not find dataconnect.yaml in `/home/user/ai-youtube-studio/dataconnect`
E0121 18:11:44.596047  263132 watch.go:116] watchAllDir unable to walk dir `/home/user/ai-youtube-studio/dataconnect`: lstat /home/user/ai-youtube-studio/dataconnect: no such file or directory
E0121 18:11:54.597357  263132 watch.go:40] Failed to load config from "/home/user/ai-youtube-studio/dataconnect": could not find dataconnect.yaml in `/home/user/ai-youtube-studio/dataconnect`
E0121 18:12:04.599422  263132 watch.go:40] Failed to load config from "/home/user/ai-youtube-studio/dataconnect": could not find dataconnect.yaml in `/home/user/ai-youtube-studio/dataconnect`
E0121 18:12:14.594017  263132 watch.go:40] Failed to load config from "/home/user/ai-youtube-studio/dataconnect": could not find dataconnect.yaml in `/home/user/ai-youtube-studio/dataconnect`
E0121 18:12:24.599228  263132 watch.go:40] Failed to load config from "/home/user/ai-youtube-studio/dataconnect": could not find dataconnect.yaml in `/home/user/ai-youtube-studio/dataconnect`
E0121 18:12:34.599501  263132 watch.go:40] Failed to load config from "/home/user/ai-youtube-studio/dataconnect": could not find dataconnect.yaml in `/home/user/ai-youtube-studio/dataconnect`
E0121 18:12:44.593957  263132 watch.go:116] watchAllDir unable to walk dir `/home/user/ai-youtube-studio/dataconnect`: lstat /home/user/ai-youtube-studio/dataconnect: no such file or directory
E0121 18:12:44.594070  263132 watch.go:40] Failed to load config from "/home/user/ai-youtube-studio/dataconnect": could not find dataconnect.yaml in `/home/user/ai-youtube-studio/dataconnect`
E0121 18:12:54.599369  263132 watch.go:40] Failed to load config from "/home/user/ai-youtube-studio/dataconnect": could not find dataconnect.yaml in `/home/user/ai-youtube-studio/dataconnect`
E0121 18:13:04.602268  263132 watch.go:40] Failed to load config from "/home/user/ai-youtube-studio/dataconnect": could not find dataconnect.yaml in `/home/user/ai-youtube-studio/dataconnect`
E0121 18:13:14.593689  263132 watch.go:40] Failed to load config from "/home/user/ai-youtube-studio/dataconnect": could not find dataconnect.yaml in `/home/user/ai-youtube-studio/dataconnect`
E0121 18:13:24.602140  263132 watch.go:40] Failed to load config from "/home/user/ai-youtube-studio/dataconnect": could not find dataconnect.yaml in `/home/user/ai-youtube-studio/dataconnect`
E0121 18:13:34.598932  263132 watch.go:40] Failed to load config from "/home/user/ai-youtube-studio/dataconnect": could not find dataconnect.yaml in `/home/user/ai-youtube-studio/dataconnect`
E0121 18:13:44.593760  263132 watch.go:116] watchAllDir unable to walk dir `/home/user/ai-youtube-studio/dataconnect`: lstat /home/user/ai-youtube-studio/dataconnect: no such file or directory
E0121 18:13:44.593899  263132 watch.go:40] Failed to load config from "/home/user/ai-youtube-studio/dataconnect": could not find dataconnect.yaml in `/home/user/ai-youtube-studio/dataconnect`
E0121 18:13:54.593841  263132 watch.go:40] Failed to load config from "/home/user/ai-youtube-studio/dataconnect": could not find dataconnect.yaml in `/home/user/ai-youtube-studio/dataconnect`
E0121 18:14:04.593525  263132 watch.go:40] Failed to load config from "/home/user/ai-youtube-studio/dataconnect": could not find dataconnect.yaml in `/home/user/ai-youtube-studio/dataconnect`
E0121 18:14:14.593634  263132 watch.go:40] Failed to load config from "/home/user/ai-youtube-studio/dataconnect": could not find dataconnect.yaml in `/home/user/ai-youtube-studio/dataconnect`
E0121 18:14:24.599341  263132 watch.go:40] Failed to load config from "/home/user/ai-youtube-studio/dataconnect": could not find dataconnect.yaml in `/home/user/ai-youtube-studio/dataconnect`
E0121 18:14:34.602248  263132 watch.go:40] Failed to load config from "/home/user/ai-youtube-studio/dataconnect": could not find dataconnect.yaml in `/home/user/ai-youtube-studio/dataconnect`
E0121 18:14:44.593619  263132 watch.go:116] watchAllDir unable to walk dir `/home/user/ai-youtube-studio/dataconnect`: lstat /home/user/ai-youtube-studio/dataconnect: no such file or directory
E0121 18:14:44.593759  263132 watch.go:40] Failed to load config from "/home/user/ai-youtube-studio/dataconnect": could not find dataconnect.yaml in `/home/user/ai-youtube-studio/dataconnect`
E0121 18:14:54.602171  263132 watch.go:40] Failed to load config from "/home/user/ai-youtube-studio/dataconnect": could not find dataconnect.yaml in `/home/user/ai-youtube-studio/dataconnect`
E0121 18:15:04.596715  263132 watch.go:40] Failed to load config from "/home/user/ai-youtube-studio/dataconnect": could not find dataconnect.yaml in `/home/user/ai-youtube-studio/dataconnect`
E0121 18:15:14.593383  263132 watch.go:40] Failed to load config from "/home/user/ai-youtube-studio/dataconnect": could not find dataconnect.yaml in `/home/user/ai-youtube-studio/dataconnect`
E0121 18:15:24.602200  263132 watch.go:40] Failed to load config from "/home/user/ai-youtube-studio/dataconnect": could not find dataconnect.yaml in `/home/user/ai-youtube-studio/dataconnect`
E0121 18:15:34.602218  263132 watch.go:40] Failed to load config from "/home/user/ai-youtube-studio/dataconnect": could not find dataconnect.yaml in `/home/user/ai-youtube-studio/dataconnect`
E0121 18:15:44.596152  263132 watch.go:116] watchAllDir unable to walk dir `/home/user/ai-youtube-studio/dataconnect`: lstat /home/user/ai-youtube-studio/dataconnect: no such file or directory
E0121 18:15:44.596250  263132 watch.go:40] Failed to load config from "/home/user/ai-youtube-studio/dataconnect": could not find dataconnect.yaml in `/home/user/ai-youtube-studio/dataconnect`
E0121 18:15:54.602197  263132 watch.go:40] Failed to load config from "/home/user/ai-youtube-studio/dataconnect": could not find dataconnect.yaml in `/home/user/ai-youtube-studio/dataconnect`
E0121 18:16:04.593661  263132 watch.go:40] Failed to load config from "/home/user/ai-youtube-studio/dataconnect": could not find dataconnect.yaml in `/home/user/ai-youtube-studio/dataconnect`
E0121 18:16:14.593354  263132 watch.go:40] Failed to load config from "/home/user/ai-youtube-studio/dataconnect": could not find dataconnect.yaml in `/home/user/ai-youtube-studio/dataconnect`
E0121 18:16:24.602202  263132 watch.go:40] Failed to load config from "/home/user/ai-youtube-studio/dataconnect": could not find dataconnect.yaml in `/home/user/ai-youtube-studio/dataconnect`
E0121 18:16:34.602805  263132 watch.go:40] Failed to load config from "/home/user/ai-youtube-studio/dataconnect": could not find dataconnect.yaml in `/home/user/ai-youtube-studio/dataconnect`
E0121 18:16:44.593403  263132 watch.go:116] watchAllDir unable to walk dir `/home/user/ai-youtube-studio/dataconnect`: lstat /home/user/ai-youtube-studio/dataconnect: no such file or directory
E0121 18:16:44.593530  263132 watch.go:40] Failed to load config from "/home/user/ai-youtube-studio/dataconnect": could not find dataconnect.yaml in `/home/user/ai-youtube-studio/dataconnect`
E0121 18:16:54.602420  263132 watch.go:40] Failed to load config from "/home/user/ai-youtube-studio/dataconnect": could not find dataconnect.yaml in `/home/user/ai-youtube-studio/dataconnect`
E0121 18:17:04.602168  263132 watch.go:40] Failed to load config from "/home/user/ai-youtube-studio/dataconnect": could not find dataconnect.yaml in `/home/user/ai-youtube-studio/dataconnect`
E0121 18:17:14.593533  263132 watch.go:40] Failed to load config from "/home/user/ai-youtube-studio/dataconnect": could not find dataconnect.yaml in `/home/user/ai-youtube-studio/dataconnect`
E0121 18:17:24.602186  263132 watch.go:40] Failed to load config from "/home/user/ai-youtube-studio/dataconnect": could not find dataconnect.yaml in `/home/user/ai-youtube-studio/dataconnect`
E0121 18:17:34.602230  263132 watch.go:40] Failed to load config from "/home/user/ai-youtube-studio/dataconnect": could not find dataconnect.yaml in `/home/user/ai-youtube-studio/dataconnect`
E0121 18:17:44.594163  263132 watch.go:116] watchAllDir unable to walk dir `/home/user/ai-youtube-studio/dataconnect`: lstat /home/user/ai-youtube-studio/dataconnect: no such file or directory
E0121 18:17:44.594387  263132 watch.go:40] Failed to load config from "/home/user/ai-youtube-studio/dataconnect": could not find dataconnect.yaml in `/home/user/ai-youtube-studio/dataconnect`
E0121 18:17:54.602156  263132 watch.go:40] Failed to load config from "/home/user/ai-youtube-studio/dataconnect": could not find dataconnect.yaml in `/home/user/ai-youtube-studio/dataconnect`
E0121 18:18:04.602202  263132 watch.go:40] Failed to load config from "/home/user/ai-youtube-studio/dataconnect": could not find dataconnect.yaml in `/home/user/ai-youtube-studio/dataconnect`
E0121 18:18:14.593353  263132 watch.go:40] Failed to load config from "/home/user/ai-youtube-studio/dataconnect": could not find dataconnect.yaml in `/home/user/ai-youtube-studio/dataconnect`
E0121 18:18:24.602122  263132 watch.go:40] Failed to load config from "/home/user/ai-youtube-studio/dataconnect": could not find dataconnect.yaml in `/home/user/ai-youtube-studio/dataconnect`
E0121 18:18:34.602582  263132 watch.go:40] Failed to load config from "/home/user/ai-youtube-studio/dataconnect": could not find dataconnect.yaml in `/home/user/ai-youtube-studio/dataconnect`
E0121 18:18:44.593864  263132 watch.go:116] watchAllDir unable to walk dir `/home/user/ai-youtube-studio/dataconnect`: lstat /home/user/ai-youtube-studio/dataconnect: no such file or directory
E0121 18:18:44.593909  263132 watch.go:40] Failed to load config from "/home/user/ai-youtube-studio/dataconnect": could not find dataconnect.yaml in `/home/user/ai-youtube-studio/dataconnect`
E0121 18:18:54.603110  263132 watch.go:40] Failed to load config from "/home/user/ai-youtube-studio/dataconnect": could not find dataconnect.yaml in `/home/user/ai-youtube-studio/dataconnect`
E0121 18:19:04.602216  263132 watch.go:40] Failed to load config from "/home/user/ai-youtube-studio/dataconnect": could not find dataconnect.yaml in `/home/user/ai-youtube-studio/dataconnect`
E0121 18:19:14.593531  263132 watch.go:40] Failed to load config from "/home/user/ai-youtube-studio/dataconnect": could not find dataconnect.yaml in `/home/user/ai-youtube-studio/dataconnect`
E0121 18:19:24.602180  263132 watch.go:40] Failed to load config from "/home/user/ai-youtube-studio/dataconnect": could not find dataconnect.yaml in `/home/user/ai-youtube-studio/dataconnect`
E0121 18:19:34.599435  263132 watch.go:40] Failed to load config from "/home/user/ai-youtube-studio/dataconnect": could not find dataconnect.yaml in `/home/user/ai-youtube-studio/dataconnect`
E0121 18:19:44.594141  263132 watch.go:40] Failed to load config from "/home/user/ai-youtube-studio/dataconnect": could not find dataconnect.yaml in `/home/user/ai-youtube-studio/dataconnect`
E0121 18:19:44.594127  263132 watch.go:116] watchAllDir unable to walk dir `/home/user/ai-youtube-studio/dataconnect`: lstat /home/user/ai-youtube-studio/dataconnect: no such file or directory
E0121 18:19:54.604190  263132 watch.go:40] Failed to load config from "/home/user/ai-youtube-studio/dataconnect": could not find dataconnect.yaml in `/home/user/ai-youtube-studio/dataconnect`
E0121 18:20:04.599395  263132 watch.go:40] Failed to load config from "/home/user/ai-youtube-studio/dataconnect": could not find dataconnect.yaml in `/home/user/ai-youtube-studio/dataconnect`
E0121 18:20:14.593574  263132 watch.go:40] Failed to load config from "/home/user/ai-youtube-studio/dataconnect": could not find dataconnect.yaml in `/home/user/ai-youtube-studio/dataconnect`
E0121 18:20:24.593423  263132 watch.go:40] Failed to load config from "/home/user/ai-youtube-studio/dataconnect": could not find dataconnect.yaml in `/home/user/ai-youtube-studio/dataconnect`
E0121 18:20:34.599358  263132 watch.go:40] Failed to load config from "/home/user/ai-youtube-studio/dataconnect": could not find dataconnect.yaml in `/home/user/ai-youtube-studio/dataconnect`
E0121 18:20:44.593744  263132 watch.go:116] watchAllDir unable to walk dir `/home/user/ai-youtube-studio/dataconnect`: lstat /home/user/ai-youtube-studio/dataconnect: no such file or directory
E0121 18:20:44.593885  263132 watch.go:40] Failed to load config from "/home/user/ai-youtube-studio/dataconnect": could not find dataconnect.yaml in `/home/user/ai-youtube-studio/dataconnect`
E0121 18:20:54.593326  263132 watch.go:40] Failed to load config from "/home/user/ai-youtube-studio/dataconnect": could not find dataconnect.yaml in `/home/user/ai-youtube-studio/dataconnect`
E0121 18:21:04.599446  263132 watch.go:40] Failed to load config from "/home/user/ai-youtube-studio/dataconnect": could not find dataconnect.yaml in `/home/user/ai-youtube-studio/dataconnect`
E0121 18:21:14.593413  263132 watch.go:40] Failed to load config from "/home/user/ai-youtube-studio/dataconnect": could not find dataconnect.yaml in `/home/user/ai-youtube-studio/dataconnect`
E0121 18:21:24.599044  263132 watch.go:40] Failed to load config from "/home/user/ai-youtube-studio/dataconnect": could not find dataconnect.yaml in `/home/user/ai-youtube-studio/dataconnect`
E0121 18:21:34.598501  263132 watch.go:40] Failed to load config from "/home/user/ai-youtube-studio/dataconnect": could not find dataconnect.yaml in `/home/user/ai-youtube-studio/dataconnect`
E0121 18:21:44.593375  263132 watch.go:116] watchAllDir unable to walk dir `/home/user/ai-youtube-studio/dataconnect`: lstat /home/user/ai-youtube-studio/dataconnect: no such file or directory
E0121 18:21:44.593491  263132 watch.go:40] Failed to load config from "/home/user/ai-youtube-studio/dataconnect": could not find dataconnect.yaml in `/home/user/ai-youtube-studio/dataconnect`
E0121 18:21:54.602696  263132 watch.go:40] Failed to load config from "/home/user/ai-youtube-studio/dataconnect": could not find dataconnect.yaml in `/home/user/ai-youtube-studio/dataconnect`
E0121 18:22:04.599357  263132 watch.go:40] Failed to load config from "/home/user/ai-youtube-studio/dataconnect": could not find dataconnect.yaml in `/home/user/ai-youtube-studio/dataconnect`
E0121 18:22:14.593400  263132 watch.go:40] Failed to load config from "/home/user/ai-youtube-studio/dataconnect": could not find dataconnect.yaml in `/home/user/ai-youtube-studio/dataconnect`
E0121 18:22:24.593729  263132 watch.go:40] Failed to load config from "/home/user/ai-youtube-studio/dataconnect": could not find dataconnect.yaml in `/home/user/ai-youtube-studio/dataconnect`
E0121 18:22:34.593409  263132 watch.go:40] Failed to load config from "/home/user/ai-youtube-studio/dataconnect": could not find dataconnect.yaml in `/home/user/ai-youtube-studio/dataconnect`
E0121 18:22:44.593465  263132 watch.go:116] watchAllDir unable to walk dir `/home/user/ai-youtube-studio/dataconnect`: lstat /home/user/ai-youtube-studio/dataconnect: no such file or directory
E0121 18:22:44.593618  263132 watch.go:40] Failed to load config from "/home/user/ai-youtube-studio/dataconnect": could not find dataconnect.yaml in `/home/user/ai-youtube-studio/dataconnect`
E0121 18:22:54.594221  263132 watch.go:40] Failed to load config from "/home/user/ai-youtube-studio/dataconnect": could not find dataconnect.yaml in `/home/user/ai-youtube-studio/dataconnect`
E0121 18:23:04.599319  263132 watch.go:40] Failed to load config from "/home/user/ai-youtube-studio/dataconnect": could not find dataconnect.yaml in `/home/user/ai-youtube-studio/dataconnect`
E0121 18:23:14.594121  263132 watch.go:40] Failed to load config from "/home/user/ai-youtube-studio/dataconnect": could not find dataconnect.yaml in `/home/user/ai-youtube-studio/dataconnect`
E0121 18:23:24.604756  263132 watch.go:40] Failed to load config from "/home/user/ai-youtube-studio/dataconnect": could not find dataconnect.yaml in `/home/user/ai-youtube-studio/dataconnect`
E0121 18:23:34.599475  263132 watch.go:40] Failed to load config from "/home/user/ai-youtube-studio/dataconnect": could not find dataconnect.yaml in `/home/user/ai-youtube-studio/dataconnect`
E0121 18:23:44.593479  263132 watch.go:116] watchAllDir unable to walk dir `/home/user/ai-youtube-studio/dataconnect`: lstat /home/user/ai-youtube-studio/dataconnect: no such file or directory
E0121 18:23:44.593531  263132 watch.go:40] Failed to load config from "/home/user/ai-youtube-studio/dataconnect": could not find dataconnect.yaml in `/home/user/ai-youtube-studio/dataconnect`
E0121 18:23:54.602262  263132 watch.go:40] Failed to load config from "/home/user/ai-youtube-studio/dataconnect": could not find dataconnect.yaml in `/home/user/ai-youtube-studio/dataconnect`
E0121 18:24:04.602121  263132 watch.go:40] Failed to load config from "/home/user/ai-youtube-studio/dataconnect": could not find dataconnect.yaml in `/home/user/ai-youtube-studio/dataconnect`
E0121 18:24:14.593667  263132 watch.go:40] Failed to load config from "/home/user/ai-youtube-studio/dataconnect": could not find dataconnect.yaml in `/home/user/ai-youtube-studio/dataconnect`
E0121 18:24:24.602151  263132 watch.go:40] Failed to load config from "/home/user/ai-youtube-studio/dataconnect": could not find dataconnect.yaml in `/home/user/ai-youtube-studio/dataconnect`
E0121 18:24:34.597491  263132 watch.go:40] Failed to load config from "/home/user/ai-youtube-studio/dataconnect": could not find dataconnect.yaml in `/home/user/ai-youtube-studio/dataconnect`
E0121 18:24:44.593361  263132 watch.go:40] Failed to load config from "/home/user/ai-youtube-studio/dataconnect": could not find dataconnect.yaml in `/home/user/ai-youtube-studio/dataconnect`
E0121 18:24:44.593267  263132 watch.go:116] watchAllDir unable to walk dir `/home/user/ai-youtube-studio/dataconnect`: lstat /home/user/ai-youtube-studio/dataconnect: no such file or directory
E0121 18:24:54.602383  263132 watch.go:40] Failed to load config from "/home/user/ai-youtube-studio/dataconnect": could not find dataconnect.yaml in `/home/user/ai-youtube-studio/dataconnect`
E0121 18:25:04.594178  263132 watch.go:40] Failed to load config from "/home/user/ai-youtube-studio/dataconnect": could not find dataconnect.yaml in `/home/user/ai-youtube-studio/dataconnect`
E0121 18:25:14.593751  263132 watch.go:40] Failed to load config from "/home/user/ai-youtube-studio/dataconnect": could not find dataconnect.yaml in `/home/user/ai-youtube-studio/dataconnect`
E0121 18:25:24.602943  263132 watch.go:40] Failed to load config from "/home/user/ai-youtube-studio/dataconnect": could not find dataconnect.yaml in `/home/user/ai-youtube-studio/dataconnect`
E0121 18:25:34.599130  263132 watch.go:40] Failed to load config from "/home/user/ai-youtube-studio/dataconnect": could not find dataconnect.yaml in `/home/user/ai-youtube-studio/dataconnect`
E0121 18:25:44.593621  263132 watch.go:116] watchAllDir unable to walk dir `/home/user/ai-youtube-studio/dataconnect`: lstat /home/user/ai-youtube-studio/dataconnect: no such file or directory
E0121 18:25:44.593756  263132 watch.go:40] Failed to load config from "/home/user/ai-youtube-studio/dataconnect": could not find dataconnect.yaml in `/home/user/ai-youtube-studio/dataconnect`
E0121 18:25:54.602169  263132 watch.go:40] Failed to load config from "/home/user/ai-youtube-studio/dataconnect": could not find dataconnect.yaml in `/home/user/ai-youtube-studio/dataconnect`
E0121 18:26:04.599469  263132 watch.go:40] Failed to load config from "/home/user/ai-youtube-studio/dataconnect": could not find dataconnect.yaml in `/home/user/ai-youtube-studio/dataconnect`
E0121 18:26:14.593605  263132 watch.go:40] Failed to load config from "/home/user/ai-youtube-studio/dataconnect": could not find dataconnect.yaml in `/home/user/ai-youtube-studio/dataconnect`
E0121 18:26:24.602192  263132 watch.go:40] Failed to load config from "/home/user/ai-youtube-studio/dataconnect": could not find dataconnect.yaml in `/home/user/ai-youtube-studio/dataconnect`
E0121 18:26:34.602263  263132 watch.go:40] Failed to load config from "/home/user/ai-youtube-studio/dataconnect": could not find dataconnect.yaml in `/home/user/ai-youtube-studio/dataconnect`
E0121 18:26:44.593329  263132 watch.go:116] watchAllDir unable to walk dir `/home/user/ai-youtube-studio/dataconnect`: lstat /home/user/ai-youtube-studio/dataconnect: no such file or directory
E0121 18:26:44.593441  263132 watch.go:40] Failed to load config from "/home/user/ai-youtube-studio/dataconnect": could not find dataconnect.yaml in `/home/user/ai-youtube-studio/dataconnect`
E0121 18:26:54.602653  263132 watch.go:40] Failed to load config from "/home/user/ai-youtube-studio/dataconnect": could not find dataconnect.yaml in `/home/user/ai-youtube-studio/dataconnect`
E0121 18:27:04.599426  263132 watch.go:40] Failed to load config from "/home/user/ai-youtube-studio/dataconnect": could not find dataconnect.yaml in `/home/user/ai-youtube-studio/dataconnect`
E0121 18:27:14.594050  263132 watch.go:40] Failed to load config from "/home/user/ai-youtube-studio/dataconnect": could not find dataconnect.yaml in `/home/user/ai-youtube-studio/dataconnect`
E0121 18:27:24.599477  263132 watch.go:40] Failed to load config from "/home/user/ai-youtube-studio/dataconnect": could not find dataconnect.yaml in `/home/user/ai-youtube-studio/dataconnect`
E0121 18:27:34.599352  263132 watch.go:40] Failed to load config from "/home/user/ai-youtube-studio/dataconnect": could not find dataconnect.yaml in `/home/user/ai-youtube-studio/dataconnect`
E0121 18:27:44.594174  263132 watch.go:116] watchAllDir unable to walk dir `/home/user/ai-youtube-studio/dataconnect`: lstat /home/user/ai-youtube-studio/dataconnect: no such file or directory
E0121 18:27:44.594215  263132 watch.go:40] Failed to load config from "/home/user/ai-youtube-studio/dataconnect": could not find dataconnect.yaml in `/home/user/ai-youtube-studio/dataconnect`
E0121 18:27:54.599392  263132 watch.go:40] Failed to load config from "/home/user/ai-youtube-studio/dataconnect": could not find dataconnect.yaml in `/home/user/ai-youtube-studio/dataconnect`
E0121 18:28:04.599404  263132 watch.go:40] Failed to load config from "/home/user/ai-youtube-studio/dataconnect": could not find dataconnect.yaml in `/home/user/ai-youtube-studio/dataconnect`
E0121 18:28:14.593297  263132 watch.go:40] Failed to load config from "/home/user/ai-youtube-studio/dataconnect": could not find dataconnect.yaml in `/home/user/ai-youtube-studio/dataconnect`
E0121 18:28:24.602242  263132 watch.go:40] Failed to load config from "/home/user/ai-youtube-studio/dataconnect": could not find dataconnect.yaml in `/home/user/ai-youtube-studio/dataconnect`
E0121 18:28:34.602362  263132 watch.go:40] Failed to load config from "/home/user/ai-youtube-studio/dataconnect": could not find dataconnect.yaml in `/home/user/ai-youtube-studio/dataconnect`
E0121 18:28:44.593800  263132 watch.go:116] watchAllDir unable to walk dir `/home/user/ai-youtube-studio/dataconnect`: lstat /home/user/ai-youtube-studio/dataconnect: no such file or directory
E0121 18:28:44.594073  263132 watch.go:40] Failed to load config from "/home/user/ai-youtube-studio/dataconnect": could not find dataconnect.yaml in `/home/user/ai-youtube-studio/dataconnect`
E0121 18:28:54.601817  263132 watch.go:40] Failed to load config from "/home/user/ai-youtube-studio/dataconnect": could not find dataconnect.yaml in `/home/user/ai-youtube-studio/dataconnect`
E0121 18:29:04.602134  263132 watch.go:40] Failed to load config from "/home/user/ai-youtube-studio/dataconnect": could not find dataconnect.yaml in `/home/user/ai-youtube-studio/dataconnect`
E0121 18:29:14.594158  263132 watch.go:40] Failed to load config from "/home/user/ai-youtube-studio/dataconnect": could not find dataconnect.yaml in `/home/user/ai-youtube-studio/dataconnect`
E0121 18:29:24.597867  263132 watch.go:40] Failed to load config from "/home/user/ai-youtube-studio/dataconnect": could not find dataconnect.yaml in `/home/user/ai-youtube-studio/dataconnect`
E0121 18:29:34.602203  263132 watch.go:40] Failed to load config from "/home/user/ai-youtube-studio/dataconnect": could not find dataconnect.yaml in `/home/user/ai-youtube-studio/dataconnect`
E0121 18:29:44.593521  263132 watch.go:116] watchAllDir unable to walk dir `/home/user/ai-youtube-studio/dataconnect`: lstat /home/user/ai-youtube-studio/dataconnect: no such file or directory
E0121 18:29:44.593640  263132 watch.go:40] Failed to load config from "/home/user/ai-youtube-studio/dataconnect": could not find dataconnect.yaml in `/home/user/ai-youtube-studio/dataconnect`
E0121 18:29:54.601783  263132 watch.go:40] Failed to load config from "/home/user/ai-youtube-studio/dataconnect": could not find dataconnect.yaml in `/home/user/ai-youtube-studio/dataconnect`
E0121 18:30:04.602851  263132 watch.go:40] Failed to load config from "/home/user/ai-youtube-studio/dataconnect": could not find dataconnect.yaml in `/home/user/ai-youtube-studio/dataconnect`
E0121 18:30:14.593766  263132 watch.go:40] Failed to load config from "/home/user/ai-youtube-studio/dataconnect": could not find dataconnect.yaml in `/home/user/ai-youtube-studio/dataconnect`
E0121 18:30:24.602215  263132 watch.go:40] Failed to load config from "/home/user/ai-youtube-studio/dataconnect": could not find dataconnect.yaml in `/home/user/ai-youtube-studio/dataconnect`
E0121 18:30:34.602150  263132 watch.go:40] Failed to load config from "/home/user/ai-youtube-studio/dataconnect": could not find dataconnect.yaml in `/home/user/ai-youtube-studio/dataconnect`
E0121 18:30:44.594174  263132 watch.go:116] watchAllDir unable to walk dir `/home/user/ai-youtube-studio/dataconnect`: lstat /home/user/ai-youtube-studio/dataconnect: no such file or directory
E0121 18:30:44.594293  263132 watch.go:40] Failed to load config from "/home/user/ai-youtube-studio/dataconnect": could not find dataconnect.yaml in `/home/user/ai-youtube-studio/dataconnect`
E0121 18:30:54.593689  263132 watch.go:40] Failed to load config from "/home/user/ai-youtube-studio/dataconnect": could not find dataconnect.yaml in `/home/user/ai-youtube-studio/dataconnect`
E0121 18:31:04.593261  263132 watch.go:40] Failed to load config from "/home/user/ai-youtube-studio/dataconnect": could not find dataconnect.yaml in `/home/user/ai-youtube-studio/dataconnect`
E0121 18:31:14.593265  263132 watch.go:40] Failed to load config from "/home/user/ai-youtube-studio/dataconnect": could not find dataconnect.yaml in `/home/user/ai-youtube-studio/dataconnect`
E0121 18:31:24.602146  263132 watch.go:40] Failed to load config from "/home/user/ai-youtube-studio/dataconnect": could not find dataconnect.yaml in `/home/user/ai-youtube-studio/dataconnect`
E0121 18:31:34.597809  263132 watch.go:40] Failed to load config from "/home/user/ai-youtube-studio/dataconnect": could not find dataconnect.yaml in `/home/user/ai-youtube-studio/dataconnect`
E0121 18:31:44.594232  263132 watch.go:116] watchAllDir unable to walk dir `/home/user/ai-youtube-studio/dataconnect`: lstat /home/user/ai-youtube-studio/dataconnect: no such file or directory
E0121 18:31:44.594370  263132 watch.go:40] Failed to load config from "/home/user/ai-youtube-studio/dataconnect": could not find dataconnect.yaml in `/home/user/ai-youtube-studio/dataconnect`
E0121 18:31:54.602597  263132 watch.go:40] Failed to load config from "/home/user/ai-youtube-studio/dataconnect": could not find dataconnect.yaml in `/home/user/ai-youtube-studio/dataconnect`
E0121 18:32:04.605123  263132 watch.go:40] Failed to load config from "/home/user/ai-youtube-studio/dataconnect": could not find dataconnect.yaml in `/home/user/ai-youtube-studio/dataconnect`
E0121 18:32:14.593318  263132 watch.go:40] Failed to load config from "/home/user/ai-youtube-studio/dataconnect": could not find dataconnect.yaml in `/home/user/ai-youtube-studio/dataconnect`
E0121 18:32:24.602428  263132 watch.go:40] Failed to load config from "/home/user/ai-youtube-studio/dataconnect": could not find dataconnect.yaml in `/home/user/ai-youtube-studio/dataconnect`
E0121 18:32:34.602537  263132 watch.go:40] Failed to load config from "/home/user/ai-youtube-studio/dataconnect": could not find dataconnect.yaml in `/home/user/ai-youtube-studio/dataconnect`
E0121 18:32:44.593936  263132 watch.go:116] watchAllDir unable to walk dir `/home/user/ai-youtube-studio/dataconnect`: lstat /home/user/ai-youtube-studio/dataconnect: no such file or directory
E0121 18:32:44.594070  263132 watch.go:40] Failed to load config from "/home/user/ai-youtube-studio/dataconnect": could not find dataconnect.yaml in `/home/user/ai-youtube-studio/dataconnect`
E0121 18:32:54.598874  263132 watch.go:40] Failed to load config from "/home/user/ai-youtube-studio/dataconnect": could not find dataconnect.yaml in `/home/user/ai-youtube-studio/dataconnect`
E0121 18:33:04.593598  263132 watch.go:40] Failed to load config from "/home/user/ai-youtube-studio/dataconnect": could not find dataconnect.yaml in `/home/user/ai-youtube-studio/dataconnect`
E0121 18:33:14.594089  263132 watch.go:40] Failed to load config from "/home/user/ai-youtube-studio/dataconnect": could not find dataconnect.yaml in `/home/user/ai-youtube-studio/dataconnect`
E0121 18:33:24.603171  263132 watch.go:40] Failed to load config from "/home/user/ai-youtube-studio/dataconnect": could not find dataconnect.yaml in `/home/user/ai-youtube-studio/dataconnect`
E0121 18:33:34.598750  263132 watch.go:40] Failed to load config from "/home/user/ai-youtube-studio/dataconnect": could not find dataconnect.yaml in `/home/user/ai-youtube-studio/dataconnect`
E0121 18:33:44.594000  263132 watch.go:116] watchAllDir unable to walk dir `/home/user/ai-youtube-studio/dataconnect`: lstat /home/user/ai-youtube-studio/dataconnect: no such file or directory
E0121 18:33:44.594198  263132 watch.go:40] Failed to load config from "/home/user/ai-youtube-studio/dataconnect": could not find dataconnect.yaml in `/home/user/ai-youtube-studio/dataconnect`
E0121 18:33:54.602152  263132 watch.go:40] Failed to load config from "/home/user/ai-youtube-studio/dataconnect": could not find dataconnect.yaml in `/home/user/ai-youtube-studio/dataconnect`
E0121 18:34:04.599349  263132 watch.go:40] Failed to load config from "/home/user/ai-youtube-studio/dataconnect": could not find dataconnect.yaml in `/home/user/ai-youtube-studio/dataconnect`
E0121 18:34:14.593558  263132 watch.go:40] Failed to load config from "/home/user/ai-youtube-studio/dataconnect": could not find dataconnect.yaml in `/home/user/ai-youtube-studio/dataconnect`
E0121 18:34:24.599102  263132 watch.go:40] Failed to load config from "/home/user/ai-youtube-studio/dataconnect": could not find dataconnect.yaml in `/home/user/ai-youtube-studio/dataconnect`
E0121 18:34:34.603179  263132 watch.go:40] Failed to load config from "/home/user/ai-youtube-studio/dataconnect": could not find dataconnect.yaml in `/home/user/ai-youtube-studio/dataconnect`
E0121 18:34:44.593318  263132 watch.go:116] watchAllDir unable to walk dir `/home/user/ai-youtube-studio/dataconnect`: lstat /home/user/ai-youtube-studio/dataconnect: no such file or directory
E0121 18:34:44.593420  263132 watch.go:40] Failed to load config from "/home/user/ai-youtube-studio/dataconnect": could not find dataconnect.yaml in `/home/user/ai-youtube-studio/dataconnect`
E0121 18:34:54.593313  263132 watch.go:40] Failed to load config from "/home/user/ai-youtube-studio/dataconnect": could not find dataconnect.yaml in `/home/user/ai-youtube-studio/dataconnect`
E0121 18:35:04.599380  263132 watch.go:40] Failed to load config from "/home/user/ai-youtube-studio/dataconnect": could not find dataconnect.yaml in `/home/user/ai-youtube-studio/dataconnect`
E0121 18:35:14.593326  263132 watch.go:40] Failed to load config from "/home/user/ai-youtube-studio/dataconnect": could not find dataconnect.yaml in `/home/user/ai-youtube-studio/dataconnect`
E0121 18:35:24.602818  263132 watch.go:40] Failed to load config from "/home/user/ai-youtube-studio/dataconnect": could not find dataconnect.yaml in `/home/user/ai-youtube-studio/dataconnect`
E0121 18:35:34.603035  263132 watch.go:40] Failed to load config from "/home/user/ai-youtube-studio/dataconnect": could not find dataconnect.yaml in `/home/user/ai-youtube-studio/dataconnect`
E0121 18:35:44.593553  263132 watch.go:116] watchAllDir unable to walk dir `/home/user/ai-youtube-studio/dataconnect`: lstat /home/user/ai-youtube-studio/dataconnect: no such file or directory
E0121 18:35:44.593690  263132 watch.go:40] Failed to load config from "/home/user/ai-youtube-studio/dataconnect": could not find dataconnect.yaml in `/home/user/ai-youtube-studio/dataconnect`
E0121 18:35:54.599474  263132 watch.go:40] Failed to load config from "/home/user/ai-youtube-studio/dataconnect": could not find dataconnect.yaml in `/home/user/ai-youtube-studio/dataconnect`
E0121 18:36:04.602169  263132 watch.go:40] Failed to load config from "/home/user/ai-youtube-studio/dataconnect": could not find dataconnect.yaml in `/home/user/ai-youtube-studio/dataconnect`
E0121 18:36:14.593951  263132 watch.go:40] Failed to load config from "/home/user/ai-youtube-studio/dataconnect": could not find dataconnect.yaml in `/home/user/ai-youtube-studio/dataconnect`
E0121 18:36:24.599510  263132 watch.go:40] Failed to load config from "/home/user/ai-youtube-studio/dataconnect": could not find dataconnect.yaml in `/home/user/ai-youtube-studio/dataconnect`
E0121 18:36:34.602575  263132 watch.go:40] Failed to load config from "/home/user/ai-youtube-studio/dataconnect": could not find dataconnect.yaml in `/home/user/ai-youtube-studio/dataconnect`
E0121 18:36:44.593883  263132 watch.go:116] watchAllDir unable to walk dir `/home/user/ai-youtube-studio/dataconnect`: lstat /home/user/ai-youtube-studio/dataconnect: no such file or directory
E0121 18:36:44.594003  263132 watch.go:40] Failed to load config from "/home/user/ai-youtube-studio/dataconnect": could not find dataconnect.yaml in `/home/user/ai-youtube-studio/dataconnect`
E0121 18:36:54.603216  263132 watch.go:40] Failed to load config from "/home/user/ai-youtube-studio/dataconnect": could not find dataconnect.yaml in `/home/user/ai-youtube-studio/dataconnect`
E0121 18:37:04.602286  263132 watch.go:40] Failed to load config from "/home/user/ai-youtube-studio/dataconnect": could not find dataconnect.yaml in `/home/user/ai-youtube-studio/dataconnect`
E0121 18:37:14.593637  263132 watch.go:40] Failed to load config from "/home/user/ai-youtube-studio/dataconnect": could not find dataconnect.yaml in `/home/user/ai-youtube-studio/dataconnect`
E0121 18:37:24.593433  263132 watch.go:40] Failed to load config from "/home/user/ai-youtube-studio/dataconnect": could not find dataconnect.yaml in `/home/user/ai-youtube-studio/dataconnect`
E0121 18:37:34.593340  263132 watch.go:40] Failed to load config from "/home/user/ai-youtube-studio/dataconnect": could not find dataconnect.yaml in `/home/user/ai-youtube-studio/dataconnect`
E0121 18:37:44.593431  263132 watch.go:116] watchAllDir unable to walk dir `/home/user/ai-youtube-studio/dataconnect`: lstat /home/user/ai-youtube-studio/dataconnect: no such file or directory
E0121 18:37:44.593459  263132 watch.go:40] Failed to load config from "/home/user/ai-youtube-studio/dataconnect": could not find dataconnect.yaml in `/home/user/ai-youtube-studio/dataconnect`
E0121 18:37:54.599478  263132 watch.go:40] Failed to load config from "/home/user/ai-youtube-studio/dataconnect": could not find dataconnect.yaml in `/home/user/ai-youtube-studio/dataconnect`
E0121 18:38:04.602570  263132 watch.go:40] Failed to load config from "/home/user/ai-youtube-studio/dataconnect": could not find dataconnect.yaml in `/home/user/ai-youtube-studio/dataconnect`
E0121 18:38:14.594199  263132 watch.go:40] Failed to load config from "/home/user/ai-youtube-studio/dataconnect": could not find dataconnect.yaml in `/home/user/ai-youtube-studio/dataconnect`
E0121 18:38:24.600146  263132 watch.go:40] Failed to load config from "/home/user/ai-youtube-studio/dataconnect": could not find dataconnect.yaml in `/home/user/ai-youtube-studio/dataconnect`
E0121 18:38:34.602331  263132 watch.go:40] Failed to load config from "/home/user/ai-youtube-studio/dataconnect": could not find dataconnect.yaml in `/home/user/ai-youtube-studio/dataconnect`
E0121 18:38:44.593157  263132 watch.go:116] watchAllDir unable to walk dir `/home/user/ai-youtube-studio/dataconnect`: lstat /home/user/ai-youtube-studio/dataconnect: no such file or directory
E0121 18:38:44.593291  263132 watch.go:40] Failed to load config from "/home/user/ai-youtube-studio/dataconnect": could not find dataconnect.yaml in `/home/user/ai-youtube-studio/dataconnect`
E0121 18:38:54.602108  263132 watch.go:40] Failed to load config from "/home/user/ai-youtube-studio/dataconnect": could not find dataconnect.yaml in `/home/user/ai-youtube-studio/dataconnect`
E0121 18:39:04.602132  263132 watch.go:40] Failed to load config from "/home/user/ai-youtube-studio/dataconnect": could not find dataconnect.yaml in `/home/user/ai-youtube-studio/dataconnect`
E0121 18:39:14.593332  263132 watch.go:40] Failed to load config from "/home/user/ai-youtube-studio/dataconnect": could not find dataconnect.yaml in `/home/user/ai-youtube-studio/dataconnect`
E0121 18:39:24.601546  263132 watch.go:40] Failed to load config from "/home/user/ai-youtube-studio/dataconnect": could not find dataconnect.yaml in `/home/user/ai-youtube-studio/dataconnect`
E0121 18:39:34.593402  263132 watch.go:40] Failed to load config from "/home/user/ai-youtube-studio/dataconnect": could not find dataconnect.yaml in `/home/user/ai-youtube-studio/dataconnect`
E0121 18:39:44.593279  263132 watch.go:116] watchAllDir unable to walk dir `/home/user/ai-youtube-studio/dataconnect`: lstat /home/user/ai-youtube-studio/dataconnect: no such file or directory
E0121 18:39:44.593438  263132 watch.go:40] Failed to load config from "/home/user/ai-youtube-studio/dataconnect": could not find dataconnect.yaml in `/home/user/ai-youtube-studio/dataconnect`
E0121 18:39:54.602312  263132 watch.go:40] Failed to load config from "/home/user/ai-youtube-studio/dataconnect": could not find dataconnect.yaml in `/home/user/ai-youtube-studio/dataconnect`
E0121 18:40:04.602575  263132 watch.go:40] Failed to load config from "/home/user/ai-youtube-studio/dataconnect": could not find dataconnect.yaml in `/home/user/ai-youtube-studio/dataconnect`
E0121 18:40:14.593681  263132 watch.go:40] Failed to load config from "/home/user/ai-youtube-studio/dataconnect": could not find dataconnect.yaml in `/home/user/ai-youtube-studio/dataconnect`
E0121 18:40:24.599454  263132 watch.go:40] Failed to load config from "/home/user/ai-youtube-studio/dataconnect": could not find dataconnect.yaml in `/home/user/ai-youtube-studio/dataconnect`
E0121 18:40:34.602528  263132 watch.go:40] Failed to load config from "/home/user/ai-youtube-studio/dataconnect": could not find dataconnect.yaml in `/home/user/ai-youtube-studio/dataconnect`
E0121 18:40:44.593907  263132 watch.go:116] watchAllDir unable to walk dir `/home/user/ai-youtube-studio/dataconnect`: lstat /home/user/ai-youtube-studio/dataconnect: no such file or directory
E0121 18:40:44.593925  263132 watch.go:40] Failed to load config from "/home/user/ai-youtube-studio/dataconnect": could not find dataconnect.yaml in `/home/user/ai-youtube-studio/dataconnect`
E0121 18:40:54.599356  263132 watch.go:40] Failed to load config from "/home/user/ai-youtube-studio/dataconnect": could not find dataconnect.yaml in `/home/user/ai-youtube-studio/dataconnect`
E0121 18:41:04.602437  263132 watch.go:40] Failed to load config from "/home/user/ai-youtube-studio/dataconnect": could not find dataconnect.yaml in `/home/user/ai-youtube-studio/dataconnect`
E0121 18:41:14.593782  263132 watch.go:40] Failed to load config from "/home/user/ai-youtube-studio/dataconnect": could not find dataconnect.yaml in `/home/user/ai-youtube-studio/dataconnect`
E0121 18:41:24.594160  263132 watch.go:40] Failed to load config from "/home/user/ai-youtube-studio/dataconnect": could not find dataconnect.yaml in `/home/user/ai-youtube-studio/dataconnect`
E0121 18:41:34.596109  263132 watch.go:40] Failed to load config from "/home/user/ai-youtube-studio/dataconnect": could not find dataconnect.yaml in `/home/user/ai-youtube-studio/dataconnect`
E0121 18:41:44.593649  263132 watch.go:116] watchAllDir unable to walk dir `/home/user/ai-youtube-studio/dataconnect`: lstat /home/user/ai-youtube-studio/dataconnect: no such file or directory
E0121 18:41:44.593797  263132 watch.go:40] Failed to load config from "/home/user/ai-youtube-studio/dataconnect": could not find dataconnect.yaml in `/home/user/ai-youtube-studio/dataconnect`
E0121 18:41:54.602898  263132 watch.go:40] Failed to load config from "/home/user/ai-youtube-studio/dataconnect": could not find dataconnect.yaml in `/home/user/ai-youtube-studio/dataconnect`
