[debug] [2026-01-21T17:54:48.501Z] Object "/apphosting" in "firebase.json" is missing required property: {"missingProperty":"backendId"}
[debug] [2026-01-21T17:54:48.526Z] Field "/apphosting" in "firebase.json" is possibly invalid: must be array
[debug] [2026-01-21T17:54:48.535Z] Field "/apphosting" in "firebase.json" is possibly invalid: must match a schema in anyOf
[error] Failed to fetch Firebase Project from Studio Workspace because WORKSPACE_SLUG environment variable is empty
[debug] [2026-01-21T17:54:48.561Z] Object "/apphosting" in "firebase.json" is missing required property: {"missingProperty":"backendId"}
[debug] [2026-01-21T17:54:48.562Z] Field "/apphosting" in "firebase.json" is possibly invalid: must be array
[debug] [2026-01-21T17:54:48.563Z] Field "/apphosting" in "firebase.json" is possibly invalid: must match a schema in anyOf
[error] Failed to fetch Firebase Project from Studio Workspace because WORKSPACE_SLUG environment variable is empty
[debug] [2026-01-21T17:54:48.566Z] Object "/apphosting" in "firebase.json" is missing required property: {"missingProperty":"backendId"}
[debug] [2026-01-21T17:54:48.566Z] Field "/apphosting" in "firebase.json" is possibly invalid: must be array
[debug] [2026-01-21T17:54:48.566Z] Field "/apphosting" in "firebase.json" is possibly invalid: must match a schema in anyOf
[error] Failed to fetch Firebase Project from Studio Workspace because WORKSPACE_SLUG environment variable is empty
[debug] [2026-01-21T17:54:48.567Z] Object "/apphosting" in "firebase.json" is missing required property: {"missingProperty":"backendId"}
[debug] [2026-01-21T17:54:48.568Z] Field "/apphosting" in "firebase.json" is possibly invalid: must be array
[debug] [2026-01-21T17:54:48.568Z] Field "/apphosting" in "firebase.json" is possibly invalid: must match a schema in anyOf
[error] Failed to fetch Firebase Project from Studio Workspace because WORKSPACE_SLUG environment variable is empty
[debug] [2026-01-21T17:54:48.569Z] > command requires scopes: ["email","openid","https://www.googleapis.com/auth/cloudplatformprojects.readonly","https://www.googleapis.com/auth/firebase","https://www.googleapis.com/auth/cloud-platform","https://www.googleapis.com/auth/userinfo.email"]
[debug] [2026-01-21T17:54:48.570Z] > authorizing via signed-in user (ajay.sidal@opsvantagedigital.online)
[debug] [2026-01-21T17:54:48.571Z] Checked if tokens are valid: true, expires at: 1769020661384
[debug] [2026-01-21T17:54:48.571Z] Checked if tokens are valid: true, expires at: 1769020661384
[debug] [2026-01-21T17:54:48.571Z] > command requires scopes: ["email","openid","https://www.googleapis.com/auth/cloudplatformprojects.readonly","https://www.googleapis.com/auth/firebase","https://www.googleapis.com/auth/cloud-platform","https://www.googleapis.com/auth/userinfo.email"]
[debug] [2026-01-21T17:54:48.571Z] > authorizing via signed-in user (ajay.sidal@opsvantagedigital.online)
[debug] [2026-01-21T17:54:48.572Z] Checked if tokens are valid: true, expires at: 1769020661384
[debug] [2026-01-21T17:54:48.572Z] Checked if tokens are valid: true, expires at: 1769020661384
[debug] [2026-01-21T17:54:48.573Z] >>> [apiv2][query] GET https://cloudbilling.googleapis.com/v1/projects/marz-ai/billingInfo [none]
[debug] [2026-01-21T17:54:48.576Z] >>> [apiv2][query] GET https://cloudbilling.googleapis.com/v1/projects/marz-ai/billingInfo [none]
[debug] [2026-01-21T17:54:48.936Z] <<< [apiv2][status] GET https://cloudbilling.googleapis.com/v1/projects/marz-ai/billingInfo 200
[debug] [2026-01-21T17:54:48.936Z] <<< [apiv2][body] GET https://cloudbilling.googleapis.com/v1/projects/marz-ai/billingInfo {"name":"projects/marz-ai/billingInfo","projectId":"marz-ai","billingAccountName":"billingAccounts/013099-EF1FD5-68CC10","billingEnabled":true}
[debug] [2026-01-21T17:54:48.937Z] Object "/apphosting" in "firebase.json" is missing required property: {"missingProperty":"backendId"}
[debug] [2026-01-21T17:54:48.937Z] Field "/apphosting" in "firebase.json" is possibly invalid: must be array
[debug] [2026-01-21T17:54:48.937Z] Field "/apphosting" in "firebase.json" is possibly invalid: must match a schema in anyOf
[debug] [2026-01-21T17:54:48.963Z] Checked if tokens are valid: true, expires at: 1769020661384
[debug] [2026-01-21T17:54:48.965Z] Checked if tokens are valid: true, expires at: 1769020661384
[debug] [2026-01-21T17:54:48.966Z] Checked if tokens are valid: true, expires at: 1769020661384
[debug] [2026-01-21T17:54:48.966Z] Checked if tokens are valid: true, expires at: 1769020661384
[debug] [2026-01-21T17:54:48.969Z] Checked if tokens are valid: true, expires at: 1769020661384
[debug] [2026-01-21T17:54:48.969Z] Checked if tokens are valid: true, expires at: 1769020661384
[debug] [2026-01-21T17:54:49.035Z] Checked if tokens are valid: true, expires at: 1769020661384
[debug] [2026-01-21T17:54:49.035Z] Checked if tokens are valid: true, expires at: 1769020661384
[debug] [2026-01-21T17:54:49.036Z] >>> [apiv2][query] GET https://serviceusage.googleapis.com/v1/projects/marz-ai/services/firestore.googleapis.com [none]
[debug] [2026-01-21T17:54:49.036Z] >>> [apiv2][(partial)header] GET https://serviceusage.googleapis.com/v1/projects/marz-ai/services/firestore.googleapis.com x-goog-quota-user=projects/marz-ai
[debug] [2026-01-21T17:54:49.044Z] >>> [apiv2][query] GET https://serviceusage.googleapis.com/v1/projects/marz-ai/services/fcm.googleapis.com [none]
[debug] [2026-01-21T17:54:49.044Z] >>> [apiv2][(partial)header] GET https://serviceusage.googleapis.com/v1/projects/marz-ai/services/fcm.googleapis.com x-goog-quota-user=projects/marz-ai
[debug] [2026-01-21T17:54:49.047Z] >>> [apiv2][query] GET https://serviceusage.googleapis.com/v1/projects/marz-ai/services/firebaseremoteconfig.googleapis.com [none]
[debug] [2026-01-21T17:54:49.047Z] >>> [apiv2][(partial)header] GET https://serviceusage.googleapis.com/v1/projects/marz-ai/services/firebaseremoteconfig.googleapis.com x-goog-quota-user=projects/marz-ai
[debug] [2026-01-21T17:54:49.053Z] >>> [apiv2][query] GET https://serviceusage.googleapis.com/v1/projects/marz-ai/services/firebaseio.com [none]
[debug] [2026-01-21T17:54:49.053Z] >>> [apiv2][(partial)header] GET https://serviceusage.googleapis.com/v1/projects/marz-ai/services/firebaseio.com x-goog-quota-user=projects/marz-ai
[debug] [2026-01-21T17:54:49.196Z] <<< [apiv2][status] GET https://cloudbilling.googleapis.com/v1/projects/marz-ai/billingInfo 200
[debug] [2026-01-21T17:54:49.196Z] <<< [apiv2][body] GET https://cloudbilling.googleapis.com/v1/projects/marz-ai/billingInfo {"name":"projects/marz-ai/billingInfo","projectId":"marz-ai","billingAccountName":"billingAccounts/013099-EF1FD5-68CC10","billingEnabled":true}
[debug] [2026-01-21T17:54:49.196Z] Object "/apphosting" in "firebase.json" is missing required property: {"missingProperty":"backendId"}
[debug] [2026-01-21T17:54:49.203Z] Field "/apphosting" in "firebase.json" is possibly invalid: must be array
[debug] [2026-01-21T17:54:49.203Z] Field "/apphosting" in "firebase.json" is possibly invalid: must match a schema in anyOf
[debug] [2026-01-21T17:54:49.203Z] Checked if tokens are valid: true, expires at: 1769020661384
[debug] [2026-01-21T17:54:49.205Z] Checked if tokens are valid: true, expires at: 1769020661384
[debug] [2026-01-21T17:54:49.205Z] Checked if tokens are valid: true, expires at: 1769020661384
[debug] [2026-01-21T17:54:49.205Z] Checked if tokens are valid: true, expires at: 1769020661384
[debug] [2026-01-21T17:54:49.205Z] Checked if tokens are valid: true, expires at: 1769020661384
[debug] [2026-01-21T17:54:49.205Z] Checked if tokens are valid: true, expires at: 1769020661384
[debug] [2026-01-21T17:54:49.223Z] Checked if tokens are valid: true, expires at: 1769020661384
[debug] [2026-01-21T17:54:49.226Z] Checked if tokens are valid: true, expires at: 1769020661384
[debug] [2026-01-21T17:54:49.226Z] >>> [apiv2][query] GET https://serviceusage.googleapis.com/v1/projects/marz-ai/services/firestore.googleapis.com [none]
[debug] [2026-01-21T17:54:49.226Z] >>> [apiv2][(partial)header] GET https://serviceusage.googleapis.com/v1/projects/marz-ai/services/firestore.googleapis.com x-goog-quota-user=projects/marz-ai
[debug] [2026-01-21T17:54:49.230Z] >>> [apiv2][query] GET https://serviceusage.googleapis.com/v1/projects/marz-ai/services/fcm.googleapis.com [none]
[debug] [2026-01-21T17:54:49.230Z] >>> [apiv2][(partial)header] GET https://serviceusage.googleapis.com/v1/projects/marz-ai/services/fcm.googleapis.com x-goog-quota-user=projects/marz-ai
[debug] [2026-01-21T17:54:49.235Z] >>> [apiv2][query] GET https://serviceusage.googleapis.com/v1/projects/marz-ai/services/firebaseremoteconfig.googleapis.com [none]
[debug] [2026-01-21T17:54:49.235Z] >>> [apiv2][(partial)header] GET https://serviceusage.googleapis.com/v1/projects/marz-ai/services/firebaseremoteconfig.googleapis.com x-goog-quota-user=projects/marz-ai
[debug] [2026-01-21T17:54:49.237Z] >>> [apiv2][query] GET https://serviceusage.googleapis.com/v1/projects/marz-ai/services/firebaseio.com [none]
[debug] [2026-01-21T17:54:49.237Z] >>> [apiv2][(partial)header] GET https://serviceusage.googleapis.com/v1/projects/marz-ai/services/firebaseio.com x-goog-quota-user=projects/marz-ai
[debug] [2026-01-21T17:54:50.156Z] <<< [apiv2][status] GET https://serviceusage.googleapis.com/v1/projects/marz-ai/services/firebaseio.com 403
[debug] [2026-01-21T17:54:50.156Z] <<< [apiv2][body] GET https://serviceusage.googleapis.com/v1/projects/marz-ai/services/firebaseio.com [omitted]
[debug] [2026-01-21T17:54:50.281Z] <<< [apiv2][status] GET https://serviceusage.googleapis.com/v1/projects/marz-ai/services/firebaseio.com 403
[debug] [2026-01-21T17:54:50.281Z] <<< [apiv2][body] GET https://serviceusage.googleapis.com/v1/projects/marz-ai/services/firebaseio.com [omitted]
[debug] [2026-01-21T17:54:50.337Z] <<< [apiv2][status] GET https://serviceusage.googleapis.com/v1/projects/marz-ai/services/firebaseremoteconfig.googleapis.com 200
[debug] [2026-01-21T17:54:50.338Z] <<< [apiv2][body] GET https://serviceusage.googleapis.com/v1/projects/marz-ai/services/firebaseremoteconfig.googleapis.com [omitted]
[debug] [2026-01-21T17:54:50.354Z] <<< [apiv2][status] GET https://serviceusage.googleapis.com/v1/projects/marz-ai/services/fcm.googleapis.com 200
[debug] [2026-01-21T17:54:50.358Z] <<< [apiv2][body] GET https://serviceusage.googleapis.com/v1/projects/marz-ai/services/fcm.googleapis.com [omitted]
[debug] [2026-01-21T17:54:50.373Z] <<< [apiv2][status] GET https://serviceusage.googleapis.com/v1/projects/marz-ai/services/firestore.googleapis.com 200
[debug] [2026-01-21T17:54:50.373Z] <<< [apiv2][body] GET https://serviceusage.googleapis.com/v1/projects/marz-ai/services/firestore.googleapis.com [omitted]
[debug] [2026-01-21T17:54:50.381Z] <<< [apiv2][status] GET https://serviceusage.googleapis.com/v1/projects/marz-ai/services/firestore.googleapis.com 200
[debug] [2026-01-21T17:54:50.382Z] <<< [apiv2][body] GET https://serviceusage.googleapis.com/v1/projects/marz-ai/services/firestore.googleapis.com [omitted]
[debug] [2026-01-21T17:54:50.382Z] <<< [apiv2][status] GET https://serviceusage.googleapis.com/v1/projects/marz-ai/services/fcm.googleapis.com 200
[debug] [2026-01-21T17:54:50.382Z] <<< [apiv2][body] GET https://serviceusage.googleapis.com/v1/projects/marz-ai/services/fcm.googleapis.com [omitted]
[debug] [2026-01-21T17:54:50.383Z] Object "/apphosting" in "firebase.json" is missing required property: {"missingProperty":"backendId"}
[debug] [2026-01-21T17:54:50.383Z] Field "/apphosting" in "firebase.json" is possibly invalid: must be array
[debug] [2026-01-21T17:54:50.383Z] Field "/apphosting" in "firebase.json" is possibly invalid: must match a schema in anyOf
[error] Failed to fetch Firebase Project from Studio Workspace because WORKSPACE_SLUG environment variable is empty
[debug] [2026-01-21T17:54:50.428Z] Object "/apphosting" in "firebase.json" is missing required property: {"missingProperty":"backendId"}
[debug] [2026-01-21T17:54:50.431Z] Field "/apphosting" in "firebase.json" is possibly invalid: must be array
[debug] [2026-01-21T17:54:50.431Z] Field "/apphosting" in "firebase.json" is possibly invalid: must match a schema in anyOf
[error] Failed to fetch Firebase Project from Studio Workspace because WORKSPACE_SLUG environment variable is empty
[debug] [2026-01-21T17:54:50.440Z] Object "/apphosting" in "firebase.json" is missing required property: {"missingProperty":"backendId"}
[debug] [2026-01-21T17:54:50.440Z] Field "/apphosting" in "firebase.json" is possibly invalid: must be array
[debug] [2026-01-21T17:54:50.440Z] Field "/apphosting" in "firebase.json" is possibly invalid: must match a schema in anyOf
[error] Failed to fetch Firebase Project from Studio Workspace because WORKSPACE_SLUG environment variable is empty
[debug] [2026-01-21T17:54:50.441Z] > command requires scopes: ["email","openid","https://www.googleapis.com/auth/cloudplatformprojects.readonly","https://www.googleapis.com/auth/firebase","https://www.googleapis.com/auth/cloud-platform","https://www.googleapis.com/auth/userinfo.email"]
[debug] [2026-01-21T17:54:50.441Z] > authorizing via signed-in user (ajay.sidal@opsvantagedigital.online)
[debug] [2026-01-21T17:54:50.444Z] Checked if tokens are valid: true, expires at: 1769020661384
[debug] [2026-01-21T17:54:50.444Z] Checked if tokens are valid: true, expires at: 1769020661384
[debug] [2026-01-21T17:54:50.444Z] >>> [apiv2][query] GET https://cloudbilling.googleapis.com/v1/projects/marz-ai/billingInfo [none]
[debug] [2026-01-21T17:54:50.455Z] <<< [apiv2][status] GET https://serviceusage.googleapis.com/v1/projects/marz-ai/services/firebaseremoteconfig.googleapis.com 200
[debug] [2026-01-21T17:54:50.455Z] <<< [apiv2][body] GET https://serviceusage.googleapis.com/v1/projects/marz-ai/services/firebaseremoteconfig.googleapis.com [omitted]
[debug] [2026-01-21T17:54:50.702Z] <<< [apiv2][status] GET https://cloudbilling.googleapis.com/v1/projects/marz-ai/billingInfo 200
[debug] [2026-01-21T17:54:50.702Z] <<< [apiv2][body] GET https://cloudbilling.googleapis.com/v1/projects/marz-ai/billingInfo {"name":"projects/marz-ai/billingInfo","projectId":"marz-ai","billingAccountName":"billingAccounts/013099-EF1FD5-68CC10","billingEnabled":true}
[debug] [2026-01-21T17:54:50.703Z] Object "/apphosting" in "firebase.json" is missing required property: {"missingProperty":"backendId"}
[debug] [2026-01-21T17:54:50.703Z] Field "/apphosting" in "firebase.json" is possibly invalid: must be array
[debug] [2026-01-21T17:54:50.703Z] Field "/apphosting" in "firebase.json" is possibly invalid: must match a schema in anyOf
[debug] [2026-01-21T17:54:50.709Z] Object "/apphosting" in "firebase.json" is missing required property: {"missingProperty":"backendId"}
[debug] [2026-01-21T17:54:50.709Z] Field "/apphosting" in "firebase.json" is possibly invalid: must be array
[debug] [2026-01-21T17:54:50.709Z] Field "/apphosting" in "firebase.json" is possibly invalid: must match a schema in anyOf
[error] Failed to fetch Firebase Project from Studio Workspace because WORKSPACE_SLUG environment variable is empty
[debug] [2026-01-21T17:54:50.716Z] > command requires scopes: ["email","openid","https://www.googleapis.com/auth/cloudplatformprojects.readonly","https://www.googleapis.com/auth/firebase","https://www.googleapis.com/auth/cloud-platform","https://www.googleapis.com/auth/userinfo.email"]
[debug] [2026-01-21T17:54:50.716Z] > authorizing via signed-in user (ajay.sidal@opsvantagedigital.online)
[debug] [2026-01-21T17:54:55.054Z] Object "/apphosting" in "firebase.json" is missing required property: {"missingProperty":"backendId"}
[debug] [2026-01-21T17:54:55.060Z] Field "/apphosting" in "firebase.json" is possibly invalid: must be array
[debug] [2026-01-21T17:54:55.061Z] Field "/apphosting" in "firebase.json" is possibly invalid: must match a schema in anyOf
[error] Failed to fetch Firebase Project from Studio Workspace because WORKSPACE_SLUG environment variable is empty
[debug] [2026-01-21T17:54:55.062Z] Object "/apphosting" in "firebase.json" is missing required property: {"missingProperty":"backendId"}
[debug] [2026-01-21T17:54:55.062Z] Field "/apphosting" in "firebase.json" is possibly invalid: must be array
[debug] [2026-01-21T17:54:55.062Z] Field "/apphosting" in "firebase.json" is possibly invalid: must match a schema in anyOf
[error] Failed to fetch Firebase Project from Studio Workspace because WORKSPACE_SLUG environment variable is empty
[debug] [2026-01-21T17:54:55.071Z] Object "/apphosting" in "firebase.json" is missing required property: {"missingProperty":"backendId"}
[debug] [2026-01-21T17:54:55.073Z] Field "/apphosting" in "firebase.json" is possibly invalid: must be array
[debug] [2026-01-21T17:54:55.073Z] Field "/apphosting" in "firebase.json" is possibly invalid: must match a schema in anyOf
[error] Failed to fetch Firebase Project from Studio Workspace because WORKSPACE_SLUG environment variable is empty
[debug] [2026-01-21T17:54:55.076Z] Object "/apphosting" in "firebase.json" is missing required property: {"missingProperty":"backendId"}
[debug] [2026-01-21T17:54:55.076Z] Field "/apphosting" in "firebase.json" is possibly invalid: must be array
[debug] [2026-01-21T17:54:55.077Z] Field "/apphosting" in "firebase.json" is possibly invalid: must match a schema in anyOf
[error] Failed to fetch Firebase Project from Studio Workspace because WORKSPACE_SLUG environment variable is empty
[debug] [2026-01-21T17:54:55.077Z] > command requires scopes: ["email","openid","https://www.googleapis.com/auth/cloudplatformprojects.readonly","https://www.googleapis.com/auth/firebase","https://www.googleapis.com/auth/cloud-platform","https://www.googleapis.com/auth/userinfo.email"]
[debug] [2026-01-21T17:54:55.077Z] > authorizing via signed-in user (ajay.sidal@opsvantagedigital.online)
[debug] [2026-01-21T17:54:55.078Z] Checked if tokens are valid: true, expires at: 1769020661384
[debug] [2026-01-21T17:54:55.078Z] Checked if tokens are valid: true, expires at: 1769020661384
[debug] [2026-01-21T17:54:55.078Z] >>> [apiv2][query] GET https://cloudbilling.googleapis.com/v1/projects/marz-ai/billingInfo [none]
[debug] [2026-01-21T17:54:55.108Z] Object "/apphosting" in "firebase.json" is missing required property: {"missingProperty":"backendId"}
[debug] [2026-01-21T17:54:55.116Z] Field "/apphosting" in "firebase.json" is possibly invalid: must be array
[debug] [2026-01-21T17:54:55.117Z] Field "/apphosting" in "firebase.json" is possibly invalid: must match a schema in anyOf
[error] Failed to fetch Firebase Project from Studio Workspace because WORKSPACE_SLUG environment variable is empty
[debug] [2026-01-21T17:54:55.125Z] Object "/apphosting" in "firebase.json" is missing required property: {"missingProperty":"backendId"}
[debug] [2026-01-21T17:54:55.125Z] Field "/apphosting" in "firebase.json" is possibly invalid: must be array
[debug] [2026-01-21T17:54:55.125Z] Field "/apphosting" in "firebase.json" is possibly invalid: must match a schema in anyOf
[error] Failed to fetch Firebase Project from Studio Workspace because WORKSPACE_SLUG environment variable is empty
[debug] [2026-01-21T17:54:55.126Z] > command requires scopes: ["email","openid","https://www.googleapis.com/auth/cloudplatformprojects.readonly","https://www.googleapis.com/auth/firebase","https://www.googleapis.com/auth/cloud-platform","https://www.googleapis.com/auth/userinfo.email"]
[debug] [2026-01-21T17:54:55.126Z] > authorizing via signed-in user (ajay.sidal@opsvantagedigital.online)
[debug] [2026-01-21T17:54:55.132Z] Checked if tokens are valid: true, expires at: 1769020661384
[debug] [2026-01-21T17:54:55.132Z] Checked if tokens are valid: true, expires at: 1769020661384
[debug] [2026-01-21T17:54:55.132Z] >>> [apiv2][query] GET https://cloudbilling.googleapis.com/v1/projects/marz-ai/billingInfo [none]
[debug] [2026-01-21T17:54:55.268Z] Object "/apphosting" in "firebase.json" is missing required property: {"missingProperty":"backendId"}
[debug] [2026-01-21T17:54:55.269Z] Field "/apphosting" in "firebase.json" is possibly invalid: must be array
[debug] [2026-01-21T17:54:55.269Z] Field "/apphosting" in "firebase.json" is possibly invalid: must match a schema in anyOf
[error] Failed to fetch Firebase Project from Studio Workspace because WORKSPACE_SLUG environment variable is empty
[debug] [2026-01-21T17:54:55.271Z] Object "/apphosting" in "firebase.json" is missing required property: {"missingProperty":"backendId"}
[debug] [2026-01-21T17:54:55.271Z] Field "/apphosting" in "firebase.json" is possibly invalid: must be array
[debug] [2026-01-21T17:54:55.272Z] Field "/apphosting" in "firebase.json" is possibly invalid: must match a schema in anyOf
[error] Failed to fetch Firebase Project from Studio Workspace because WORKSPACE_SLUG environment variable is empty
[debug] [2026-01-21T17:54:55.281Z] Object "/apphosting" in "firebase.json" is missing required property: {"missingProperty":"backendId"}
[debug] [2026-01-21T17:54:55.282Z] Field "/apphosting" in "firebase.json" is possibly invalid: must be array
[debug] [2026-01-21T17:54:55.282Z] Field "/apphosting" in "firebase.json" is possibly invalid: must match a schema in anyOf
[error] Failed to fetch Firebase Project from Studio Workspace because WORKSPACE_SLUG environment variable is empty
[debug] [2026-01-21T17:54:55.289Z] Object "/apphosting" in "firebase.json" is missing required property: {"missingProperty":"backendId"}
[debug] [2026-01-21T17:54:55.289Z] Field "/apphosting" in "firebase.json" is possibly invalid: must be array
[debug] [2026-01-21T17:54:55.289Z] Field "/apphosting" in "firebase.json" is possibly invalid: must match a schema in anyOf
[error] Failed to fetch Firebase Project from Studio Workspace because WORKSPACE_SLUG environment variable is empty
[debug] [2026-01-21T17:54:55.295Z] > command requires scopes: ["email","openid","https://www.googleapis.com/auth/cloudplatformprojects.readonly","https://www.googleapis.com/auth/firebase","https://www.googleapis.com/auth/cloud-platform","https://www.googleapis.com/auth/userinfo.email"]
[debug] [2026-01-21T17:54:55.295Z] > authorizing via signed-in user (ajay.sidal@opsvantagedigital.online)
[debug] [2026-01-21T17:54:55.299Z] Checked if tokens are valid: true, expires at: 1769020661384
[debug] [2026-01-21T17:54:55.299Z] Checked if tokens are valid: true, expires at: 1769020661384
[debug] [2026-01-21T17:54:55.302Z] >>> [apiv2][query] GET https://cloudbilling.googleapis.com/v1/projects/marz-ai/billingInfo [none]
[debug] [2026-01-21T17:54:55.307Z] Object "/apphosting" in "firebase.json" is missing required property: {"missingProperty":"backendId"}
[debug] [2026-01-21T17:54:55.309Z] Field "/apphosting" in "firebase.json" is possibly invalid: must be array
[debug] [2026-01-21T17:54:55.309Z] Field "/apphosting" in "firebase.json" is possibly invalid: must match a schema in anyOf
[error] Failed to fetch Firebase Project from Studio Workspace because WORKSPACE_SLUG environment variable is empty
[debug] [2026-01-21T17:54:55.310Z] Object "/apphosting" in "firebase.json" is missing required property: {"missingProperty":"backendId"}
[debug] [2026-01-21T17:54:55.310Z] Field "/apphosting" in "firebase.json" is possibly invalid: must be array
[debug] [2026-01-21T17:54:55.310Z] Field "/apphosting" in "firebase.json" is possibly invalid: must match a schema in anyOf
[error] Failed to fetch Firebase Project from Studio Workspace because WORKSPACE_SLUG environment variable is empty
[debug] [2026-01-21T17:54:55.311Z] > command requires scopes: ["email","openid","https://www.googleapis.com/auth/cloudplatformprojects.readonly","https://www.googleapis.com/auth/firebase","https://www.googleapis.com/auth/cloud-platform","https://www.googleapis.com/auth/userinfo.email"]
[debug] [2026-01-21T17:54:55.311Z] > authorizing via signed-in user (ajay.sidal@opsvantagedigital.online)
[debug] [2026-01-21T17:54:55.311Z] Checked if tokens are valid: true, expires at: 1769020661384
[debug] [2026-01-21T17:54:55.311Z] Checked if tokens are valid: true, expires at: 1769020661384
[debug] [2026-01-21T17:54:55.312Z] >>> [apiv2][query] GET https://cloudbilling.googleapis.com/v1/projects/marz-ai/billingInfo [none]
[debug] [2026-01-21T17:54:55.338Z] <<< [apiv2][status] GET https://cloudbilling.googleapis.com/v1/projects/marz-ai/billingInfo 200
[debug] [2026-01-21T17:54:55.341Z] <<< [apiv2][body] GET https://cloudbilling.googleapis.com/v1/projects/marz-ai/billingInfo {"name":"projects/marz-ai/billingInfo","projectId":"marz-ai","billingAccountName":"billingAccounts/013099-EF1FD5-68CC10","billingEnabled":true}
[debug] [2026-01-21T17:54:55.341Z] Object "/apphosting" in "firebase.json" is missing required property: {"missingProperty":"backendId"}
[debug] [2026-01-21T17:54:55.341Z] Field "/apphosting" in "firebase.json" is possibly invalid: must be array
[debug] [2026-01-21T17:54:55.341Z] Field "/apphosting" in "firebase.json" is possibly invalid: must match a schema in anyOf
[debug] [2026-01-21T17:54:55.350Z] Object "/apphosting" in "firebase.json" is missing required property: {"missingProperty":"backendId"}
[debug] [2026-01-21T17:54:55.350Z] Field "/apphosting" in "firebase.json" is possibly invalid: must be array
[debug] [2026-01-21T17:54:55.350Z] Field "/apphosting" in "firebase.json" is possibly invalid: must match a schema in anyOf
[error] Failed to fetch Firebase Project from Studio Workspace because WORKSPACE_SLUG environment variable is empty
[debug] [2026-01-21T17:54:55.356Z] > command requires scopes: ["email","openid","https://www.googleapis.com/auth/cloudplatformprojects.readonly","https://www.googleapis.com/auth/firebase","https://www.googleapis.com/auth/cloud-platform","https://www.googleapis.com/auth/userinfo.email"]
[debug] [2026-01-21T17:54:55.357Z] > authorizing via signed-in user (ajay.sidal@opsvantagedigital.online)
[debug] [2026-01-21T17:54:55.623Z] <<< [apiv2][status] GET https://cloudbilling.googleapis.com/v1/projects/marz-ai/billingInfo 200
[debug] [2026-01-21T17:54:55.623Z] <<< [apiv2][body] GET https://cloudbilling.googleapis.com/v1/projects/marz-ai/billingInfo {"name":"projects/marz-ai/billingInfo","projectId":"marz-ai","billingAccountName":"billingAccounts/013099-EF1FD5-68CC10","billingEnabled":true}
[debug] [2026-01-21T17:54:55.624Z] Object "/apphosting" in "firebase.json" is missing required property: {"missingProperty":"backendId"}
[debug] [2026-01-21T17:54:55.624Z] Field "/apphosting" in "firebase.json" is possibly invalid: must be array
[debug] [2026-01-21T17:54:55.624Z] Field "/apphosting" in "firebase.json" is possibly invalid: must match a schema in anyOf
[debug] [2026-01-21T17:54:55.625Z] Object "/apphosting" in "firebase.json" is missing required property: {"missingProperty":"backendId"}
[debug] [2026-01-21T17:54:55.625Z] Field "/apphosting" in "firebase.json" is possibly invalid: must be array
[debug] [2026-01-21T17:54:55.625Z] Field "/apphosting" in "firebase.json" is possibly invalid: must match a schema in anyOf
[error] Failed to fetch Firebase Project from Studio Workspace because WORKSPACE_SLUG environment variable is empty
[debug] [2026-01-21T17:54:55.625Z] > command requires scopes: ["email","openid","https://www.googleapis.com/auth/cloudplatformprojects.readonly","https://www.googleapis.com/auth/firebase","https://www.googleapis.com/auth/cloud-platform","https://www.googleapis.com/auth/userinfo.email"]
[debug] [2026-01-21T17:54:55.626Z] > authorizing via signed-in user (ajay.sidal@opsvantagedigital.online)
[debug] [2026-01-21T17:54:56.221Z] <<< [apiv2][status] GET https://cloudbilling.googleapis.com/v1/projects/marz-ai/billingInfo 200
[debug] [2026-01-21T17:54:56.221Z] <<< [apiv2][body] GET https://cloudbilling.googleapis.com/v1/projects/marz-ai/billingInfo {"name":"projects/marz-ai/billingInfo","projectId":"marz-ai","billingAccountName":"billingAccounts/013099-EF1FD5-68CC10","billingEnabled":true}
[debug] [2026-01-21T17:54:56.222Z] Object "/apphosting" in "firebase.json" is missing required property: {"missingProperty":"backendId"}
[debug] [2026-01-21T17:54:56.226Z] Field "/apphosting" in "firebase.json" is possibly invalid: must be array
[debug] [2026-01-21T17:54:56.226Z] Field "/apphosting" in "firebase.json" is possibly invalid: must match a schema in anyOf
[debug] [2026-01-21T17:54:56.229Z] Object "/apphosting" in "firebase.json" is missing required property: {"missingProperty":"backendId"}
[debug] [2026-01-21T17:54:56.229Z] Field "/apphosting" in "firebase.json" is possibly invalid: must be array
[debug] [2026-01-21T17:54:56.229Z] Field "/apphosting" in "firebase.json" is possibly invalid: must match a schema in anyOf
[error] Failed to fetch Firebase Project from Studio Workspace because WORKSPACE_SLUG environment variable is empty
[debug] [2026-01-21T17:54:56.230Z] > command requires scopes: ["email","openid","https://www.googleapis.com/auth/cloudplatformprojects.readonly","https://www.googleapis.com/auth/firebase","https://www.googleapis.com/auth/cloud-platform","https://www.googleapis.com/auth/userinfo.email"]
[debug] [2026-01-21T17:54:56.230Z] > authorizing via signed-in user (ajay.sidal@opsvantagedigital.online)
[debug] [2026-01-21T17:54:56.437Z] <<< [apiv2][status] GET https://cloudbilling.googleapis.com/v1/projects/marz-ai/billingInfo 200
[debug] [2026-01-21T17:54:56.437Z] <<< [apiv2][body] GET https://cloudbilling.googleapis.com/v1/projects/marz-ai/billingInfo {"name":"projects/marz-ai/billingInfo","projectId":"marz-ai","billingAccountName":"billingAccounts/013099-EF1FD5-68CC10","billingEnabled":true}
[debug] [2026-01-21T17:54:56.438Z] Object "/apphosting" in "firebase.json" is missing required property: {"missingProperty":"backendId"}
[debug] [2026-01-21T17:54:56.438Z] Field "/apphosting" in "firebase.json" is possibly invalid: must be array
[debug] [2026-01-21T17:54:56.438Z] Field "/apphosting" in "firebase.json" is possibly invalid: must match a schema in anyOf
[debug] [2026-01-21T17:54:56.445Z] Object "/apphosting" in "firebase.json" is missing required property: {"missingProperty":"backendId"}
[debug] [2026-01-21T17:54:56.445Z] Field "/apphosting" in "firebase.json" is possibly invalid: must be array
[debug] [2026-01-21T17:54:56.445Z] Field "/apphosting" in "firebase.json" is possibly invalid: must match a schema in anyOf
[error] Failed to fetch Firebase Project from Studio Workspace because WORKSPACE_SLUG environment variable is empty
[debug] [2026-01-21T17:54:56.446Z] > command requires scopes: ["email","openid","https://www.googleapis.com/auth/cloudplatformprojects.readonly","https://www.googleapis.com/auth/firebase","https://www.googleapis.com/auth/cloud-platform","https://www.googleapis.com/auth/userinfo.email"]
[debug] [2026-01-21T17:54:56.455Z] > authorizing via signed-in user (ajay.sidal@opsvantagedigital.online)
[debug] [2026-01-21T18:08:29.942Z] Object "/apphosting" in "firebase.json" is missing required property: {"missingProperty":"backendId"}
[debug] [2026-01-21T18:08:29.947Z] Field "/apphosting" in "firebase.json" is possibly invalid: must be array
[debug] [2026-01-21T18:08:29.947Z] Field "/apphosting" in "firebase.json" is possibly invalid: must match a schema in anyOf
[error] Failed to fetch Firebase Project from Studio Workspace because WORKSPACE_SLUG environment variable is empty
[debug] [2026-01-21T18:08:29.952Z] Object "/apphosting" in "firebase.json" is missing required property: {"missingProperty":"backendId"}
[debug] [2026-01-21T18:08:29.955Z] Field "/apphosting" in "firebase.json" is possibly invalid: must be array
[debug] [2026-01-21T18:08:29.955Z] Field "/apphosting" in "firebase.json" is possibly invalid: must match a schema in anyOf
[error] Failed to fetch Firebase Project from Studio Workspace because WORKSPACE_SLUG environment variable is empty
[debug] [2026-01-21T18:08:29.961Z] > command requires scopes: ["email","openid","https://www.googleapis.com/auth/cloudplatformprojects.readonly","https://www.googleapis.com/auth/firebase","https://www.googleapis.com/auth/cloud-platform","https://www.googleapis.com/auth/userinfo.email"]
[debug] [2026-01-21T18:08:29.962Z] > authorizing via signed-in user (ajay.sidal@opsvantagedigital.online)
[debug] [2026-01-21T18:08:29.967Z] Checked if tokens are valid: true, expires at: 1769020661384
[debug] [2026-01-21T18:08:29.967Z] Checked if tokens are valid: true, expires at: 1769020661384
[debug] [2026-01-21T18:08:29.971Z] >>> [apiv2][query] GET https://cloudbilling.googleapis.com/v1/projects/marz-ai/billingInfo [none]
[debug] [2026-01-21T18:08:29.987Z] Object "/apphosting" in "firebase.json" is missing required property: {"missingProperty":"backendId"}
[debug] [2026-01-21T18:08:29.988Z] Field "/apphosting" in "firebase.json" is possibly invalid: must be array
[debug] [2026-01-21T18:08:29.988Z] Field "/apphosting" in "firebase.json" is possibly invalid: must match a schema in anyOf
[error] Failed to fetch Firebase Project from Studio Workspace because WORKSPACE_SLUG environment variable is empty
[debug] [2026-01-21T18:08:29.989Z] Object "/apphosting" in "firebase.json" is missing required property: {"missingProperty":"backendId"}
[debug] [2026-01-21T18:08:29.990Z] Field "/apphosting" in "firebase.json" is possibly invalid: must be array
[debug] [2026-01-21T18:08:29.990Z] Field "/apphosting" in "firebase.json" is possibly invalid: must match a schema in anyOf
[error] Failed to fetch Firebase Project from Studio Workspace because WORKSPACE_SLUG environment variable is empty
[debug] [2026-01-21T18:08:29.991Z] > command requires scopes: ["email","openid","https://www.googleapis.com/auth/cloudplatformprojects.readonly","https://www.googleapis.com/auth/firebase","https://www.googleapis.com/auth/cloud-platform","https://www.googleapis.com/auth/userinfo.email"]
[debug] [2026-01-21T18:08:29.991Z] > authorizing via signed-in user (ajay.sidal@opsvantagedigital.online)
[debug] [2026-01-21T18:08:29.991Z] Checked if tokens are valid: true, expires at: 1769020661384
[debug] [2026-01-21T18:08:29.991Z] Checked if tokens are valid: true, expires at: 1769020661384
[debug] [2026-01-21T18:08:29.992Z] >>> [apiv2][query] GET https://cloudbilling.googleapis.com/v1/projects/marz-ai/billingInfo [none]
[debug] [2026-01-21T18:08:30.338Z] <<< [apiv2][status] GET https://cloudbilling.googleapis.com/v1/projects/marz-ai/billingInfo 200
[debug] [2026-01-21T18:08:30.343Z] <<< [apiv2][body] GET https://cloudbilling.googleapis.com/v1/projects/marz-ai/billingInfo {"name":"projects/marz-ai/billingInfo","projectId":"marz-ai","billingAccountName":"billingAccounts/013099-EF1FD5-68CC10","billingEnabled":true}
[debug] [2026-01-21T18:08:30.343Z] Object "/apphosting" in "firebase.json" is missing required property: {"missingProperty":"backendId"}
[debug] [2026-01-21T18:08:30.344Z] Field "/apphosting" in "firebase.json" is possibly invalid: must be array
[debug] [2026-01-21T18:08:30.344Z] Field "/apphosting" in "firebase.json" is possibly invalid: must match a schema in anyOf
[debug] [2026-01-21T18:08:30.363Z] Checked if tokens are valid: true, expires at: 1769020661384
[debug] [2026-01-21T18:08:30.363Z] Checked if tokens are valid: true, expires at: 1769020661384
[debug] [2026-01-21T18:08:30.366Z] Checked if tokens are valid: true, expires at: 1769020661384
[debug] [2026-01-21T18:08:30.366Z] Checked if tokens are valid: true, expires at: 1769020661384
[debug] [2026-01-21T18:08:30.366Z] Checked if tokens are valid: true, expires at: 1769020661384
[debug] [2026-01-21T18:08:30.369Z] Checked if tokens are valid: true, expires at: 1769020661384
[debug] [2026-01-21T18:08:30.410Z] Checked if tokens are valid: true, expires at: 1769020661384
[debug] [2026-01-21T18:08:30.410Z] Checked if tokens are valid: true, expires at: 1769020661384
[debug] [2026-01-21T18:08:30.411Z] >>> [apiv2][query] GET https://serviceusage.googleapis.com/v1/projects/marz-ai/services/firestore.googleapis.com [none]
[debug] [2026-01-21T18:08:30.411Z] >>> [apiv2][(partial)header] GET https://serviceusage.googleapis.com/v1/projects/marz-ai/services/firestore.googleapis.com x-goog-quota-user=projects/marz-ai
[debug] [2026-01-21T18:08:30.417Z] >>> [apiv2][query] GET https://serviceusage.googleapis.com/v1/projects/marz-ai/services/fcm.googleapis.com [none]
[debug] [2026-01-21T18:08:30.417Z] >>> [apiv2][(partial)header] GET https://serviceusage.googleapis.com/v1/projects/marz-ai/services/fcm.googleapis.com x-goog-quota-user=projects/marz-ai
[debug] [2026-01-21T18:08:30.419Z] >>> [apiv2][query] GET https://serviceusage.googleapis.com/v1/projects/marz-ai/services/firebaseremoteconfig.googleapis.com [none]
[debug] [2026-01-21T18:08:30.422Z] >>> [apiv2][(partial)header] GET https://serviceusage.googleapis.com/v1/projects/marz-ai/services/firebaseremoteconfig.googleapis.com x-goog-quota-user=projects/marz-ai
[debug] [2026-01-21T18:08:30.424Z] >>> [apiv2][query] GET https://serviceusage.googleapis.com/v1/projects/marz-ai/services/firebaseio.com [none]
[debug] [2026-01-21T18:08:30.424Z] >>> [apiv2][(partial)header] GET https://serviceusage.googleapis.com/v1/projects/marz-ai/services/firebaseio.com x-goog-quota-user=projects/marz-ai
[debug] [2026-01-21T18:08:30.428Z] <<< [apiv2][status] GET https://cloudbilling.googleapis.com/v1/projects/marz-ai/billingInfo 200
[debug] [2026-01-21T18:08:30.428Z] <<< [apiv2][body] GET https://cloudbilling.googleapis.com/v1/projects/marz-ai/billingInfo {"name":"projects/marz-ai/billingInfo","projectId":"marz-ai","billingAccountName":"billingAccounts/013099-EF1FD5-68CC10","billingEnabled":true}
[debug] [2026-01-21T18:08:30.430Z] Object "/apphosting" in "firebase.json" is missing required property: {"missingProperty":"backendId"}
[debug] [2026-01-21T18:08:30.430Z] Field "/apphosting" in "firebase.json" is possibly invalid: must be array
[debug] [2026-01-21T18:08:30.430Z] Field "/apphosting" in "firebase.json" is possibly invalid: must match a schema in anyOf
[debug] [2026-01-21T18:08:30.431Z] Checked if tokens are valid: true, expires at: 1769020661384
[debug] [2026-01-21T18:08:30.431Z] Checked if tokens are valid: true, expires at: 1769020661384
[debug] [2026-01-21T18:08:30.431Z] Checked if tokens are valid: true, expires at: 1769020661384
[debug] [2026-01-21T18:08:30.431Z] Checked if tokens are valid: true, expires at: 1769020661384
[debug] [2026-01-21T18:08:30.432Z] Checked if tokens are valid: true, expires at: 1769020661384
[debug] [2026-01-21T18:08:30.432Z] Checked if tokens are valid: true, expires at: 1769020661384
[debug] [2026-01-21T18:08:30.449Z] Checked if tokens are valid: true, expires at: 1769020661384
[debug] [2026-01-21T18:08:30.449Z] Checked if tokens are valid: true, expires at: 1769020661384
[debug] [2026-01-21T18:08:30.449Z] >>> [apiv2][query] GET https://serviceusage.googleapis.com/v1/projects/marz-ai/services/firestore.googleapis.com [none]
[debug] [2026-01-21T18:08:30.449Z] >>> [apiv2][(partial)header] GET https://serviceusage.googleapis.com/v1/projects/marz-ai/services/firestore.googleapis.com x-goog-quota-user=projects/marz-ai
[debug] [2026-01-21T18:08:30.455Z] >>> [apiv2][query] GET https://serviceusage.googleapis.com/v1/projects/marz-ai/services/fcm.googleapis.com [none]
[debug] [2026-01-21T18:08:30.455Z] >>> [apiv2][(partial)header] GET https://serviceusage.googleapis.com/v1/projects/marz-ai/services/fcm.googleapis.com x-goog-quota-user=projects/marz-ai
[debug] [2026-01-21T18:08:30.459Z] >>> [apiv2][query] GET https://serviceusage.googleapis.com/v1/projects/marz-ai/services/firebaseremoteconfig.googleapis.com [none]
[debug] [2026-01-21T18:08:30.459Z] >>> [apiv2][(partial)header] GET https://serviceusage.googleapis.com/v1/projects/marz-ai/services/firebaseremoteconfig.googleapis.com x-goog-quota-user=projects/marz-ai
[debug] [2026-01-21T18:08:30.462Z] >>> [apiv2][query] GET https://serviceusage.googleapis.com/v1/projects/marz-ai/services/firebaseio.com [none]
[debug] [2026-01-21T18:08:30.462Z] >>> [apiv2][(partial)header] GET https://serviceusage.googleapis.com/v1/projects/marz-ai/services/firebaseio.com x-goog-quota-user=projects/marz-ai
[debug] [2026-01-21T18:08:31.560Z] <<< [apiv2][status] GET https://serviceusage.googleapis.com/v1/projects/marz-ai/services/firebaseio.com 403
[debug] [2026-01-21T18:08:31.560Z] <<< [apiv2][body] GET https://serviceusage.googleapis.com/v1/projects/marz-ai/services/firebaseio.com [omitted]
[debug] [2026-01-21T18:08:31.562Z] <<< [apiv2][status] GET https://serviceusage.googleapis.com/v1/projects/marz-ai/services/firebaseio.com 403
[debug] [2026-01-21T18:08:31.562Z] <<< [apiv2][body] GET https://serviceusage.googleapis.com/v1/projects/marz-ai/services/firebaseio.com [omitted]
[debug] [2026-01-21T18:08:31.602Z] <<< [apiv2][status] GET https://serviceusage.googleapis.com/v1/projects/marz-ai/services/firebaseremoteconfig.googleapis.com 200
[debug] [2026-01-21T18:08:31.602Z] <<< [apiv2][body] GET https://serviceusage.googleapis.com/v1/projects/marz-ai/services/firebaseremoteconfig.googleapis.com [omitted]
[debug] [2026-01-21T18:08:31.621Z] <<< [apiv2][status] GET https://serviceusage.googleapis.com/v1/projects/marz-ai/services/firestore.googleapis.com 200
[debug] [2026-01-21T18:08:31.626Z] <<< [apiv2][body] GET https://serviceusage.googleapis.com/v1/projects/marz-ai/services/firestore.googleapis.com [omitted]
[debug] [2026-01-21T18:08:31.637Z] <<< [apiv2][status] GET https://serviceusage.googleapis.com/v1/projects/marz-ai/services/firestore.googleapis.com 200
[debug] [2026-01-21T18:08:31.637Z] <<< [apiv2][body] GET https://serviceusage.googleapis.com/v1/projects/marz-ai/services/firestore.googleapis.com [omitted]
[debug] [2026-01-21T18:08:31.657Z] <<< [apiv2][status] GET https://serviceusage.googleapis.com/v1/projects/marz-ai/services/fcm.googleapis.com 200
[debug] [2026-01-21T18:08:31.657Z] <<< [apiv2][body] GET https://serviceusage.googleapis.com/v1/projects/marz-ai/services/fcm.googleapis.com [omitted]
[debug] [2026-01-21T18:08:31.660Z] <<< [apiv2][status] GET https://serviceusage.googleapis.com/v1/projects/marz-ai/services/firebaseremoteconfig.googleapis.com 200
[debug] [2026-01-21T18:08:31.660Z] <<< [apiv2][body] GET https://serviceusage.googleapis.com/v1/projects/marz-ai/services/firebaseremoteconfig.googleapis.com [omitted]
[debug] [2026-01-21T18:08:31.661Z] Object "/apphosting" in "firebase.json" is missing required property: {"missingProperty":"backendId"}
[debug] [2026-01-21T18:08:31.661Z] Field "/apphosting" in "firebase.json" is possibly invalid: must be array
[debug] [2026-01-21T18:08:31.661Z] Field "/apphosting" in "firebase.json" is possibly invalid: must match a schema in anyOf
[error] Failed to fetch Firebase Project from Studio Workspace because WORKSPACE_SLUG environment variable is empty
[debug] [2026-01-21T18:08:31.689Z] Object "/apphosting" in "firebase.json" is missing required property: {"missingProperty":"backendId"}
[debug] [2026-01-21T18:08:31.689Z] Field "/apphosting" in "firebase.json" is possibly invalid: must be array
[debug] [2026-01-21T18:08:31.689Z] Field "/apphosting" in "firebase.json" is possibly invalid: must match a schema in anyOf
[error] Failed to fetch Firebase Project from Studio Workspace because WORKSPACE_SLUG environment variable is empty
[debug] [2026-01-21T18:08:31.705Z] Object "/apphosting" in "firebase.json" is missing required property: {"missingProperty":"backendId"}
[debug] [2026-01-21T18:08:31.705Z] Field "/apphosting" in "firebase.json" is possibly invalid: must be array
[debug] [2026-01-21T18:08:31.705Z] Field "/apphosting" in "firebase.json" is possibly invalid: must match a schema in anyOf
[error] Failed to fetch Firebase Project from Studio Workspace because WORKSPACE_SLUG environment variable is empty
[debug] [2026-01-21T18:08:31.709Z] > command requires scopes: ["email","openid","https://www.googleapis.com/auth/cloudplatformprojects.readonly","https://www.googleapis.com/auth/firebase","https://www.googleapis.com/auth/cloud-platform","https://www.googleapis.com/auth/userinfo.email"]
[debug] [2026-01-21T18:08:31.709Z] > authorizing via signed-in user (ajay.sidal@opsvantagedigital.online)
[debug] [2026-01-21T18:08:31.709Z] Checked if tokens are valid: true, expires at: 1769020661384
[debug] [2026-01-21T18:08:31.709Z] Checked if tokens are valid: true, expires at: 1769020661384
[debug] [2026-01-21T18:08:31.710Z] >>> [apiv2][query] GET https://cloudbilling.googleapis.com/v1/projects/marz-ai/billingInfo [none]
[debug] [2026-01-21T18:08:31.716Z] <<< [apiv2][status] GET https://serviceusage.googleapis.com/v1/projects/marz-ai/services/fcm.googleapis.com 200
[debug] [2026-01-21T18:08:31.719Z] <<< [apiv2][body] GET https://serviceusage.googleapis.com/v1/projects/marz-ai/services/fcm.googleapis.com [omitted]
[debug] [2026-01-21T18:08:31.938Z] <<< [apiv2][status] GET https://cloudbilling.googleapis.com/v1/projects/marz-ai/billingInfo 200
[debug] [2026-01-21T18:08:31.939Z] <<< [apiv2][body] GET https://cloudbilling.googleapis.com/v1/projects/marz-ai/billingInfo {"name":"projects/marz-ai/billingInfo","projectId":"marz-ai","billingAccountName":"billingAccounts/013099-EF1FD5-68CC10","billingEnabled":true}
[debug] [2026-01-21T18:08:31.939Z] Object "/apphosting" in "firebase.json" is missing required property: {"missingProperty":"backendId"}
[debug] [2026-01-21T18:08:31.939Z] Field "/apphosting" in "firebase.json" is possibly invalid: must be array
[debug] [2026-01-21T18:08:31.939Z] Field "/apphosting" in "firebase.json" is possibly invalid: must match a schema in anyOf
[debug] [2026-01-21T18:08:31.945Z] Object "/apphosting" in "firebase.json" is missing required property: {"missingProperty":"backendId"}
[debug] [2026-01-21T18:08:31.946Z] Field "/apphosting" in "firebase.json" is possibly invalid: must be array
[debug] [2026-01-21T18:08:31.946Z] Field "/apphosting" in "firebase.json" is possibly invalid: must match a schema in anyOf
[error] Failed to fetch Firebase Project from Studio Workspace because WORKSPACE_SLUG environment variable is empty
[debug] [2026-01-21T18:08:31.947Z] > command requires scopes: ["email","openid","https://www.googleapis.com/auth/cloudplatformprojects.readonly","https://www.googleapis.com/auth/firebase","https://www.googleapis.com/auth/cloud-platform","https://www.googleapis.com/auth/userinfo.email"]
[debug] [2026-01-21T18:08:31.947Z] > authorizing via signed-in user (ajay.sidal@opsvantagedigital.online)
[debug] [2026-01-21T18:08:34.260Z] Object "/apphosting" in "firebase.json" is missing required property: {"missingProperty":"backendId"}
[debug] [2026-01-21T18:08:34.266Z] Field "/apphosting" in "firebase.json" is possibly invalid: must be array
[debug] [2026-01-21T18:08:34.266Z] Field "/apphosting" in "firebase.json" is possibly invalid: must match a schema in anyOf
[error] Failed to fetch Firebase Project from Studio Workspace because WORKSPACE_SLUG environment variable is empty
[debug] [2026-01-21T18:08:34.277Z] Object "/apphosting" in "firebase.json" is missing required property: {"missingProperty":"backendId"}
[debug] [2026-01-21T18:08:34.277Z] Field "/apphosting" in "firebase.json" is possibly invalid: must be array
[debug] [2026-01-21T18:08:34.277Z] Field "/apphosting" in "firebase.json" is possibly invalid: must match a schema in anyOf
[error] Failed to fetch Firebase Project from Studio Workspace because WORKSPACE_SLUG environment variable is empty
[debug] [2026-01-21T18:08:34.296Z] Object "/apphosting" in "firebase.json" is missing required property: {"missingProperty":"backendId"}
[debug] [2026-01-21T18:08:34.296Z] Field "/apphosting" in "firebase.json" is possibly invalid: must be array
[debug] [2026-01-21T18:08:34.296Z] Field "/apphosting" in "firebase.json" is possibly invalid: must match a schema in anyOf
[error] Failed to fetch Firebase Project from Studio Workspace because WORKSPACE_SLUG environment variable is empty
[debug] [2026-01-21T18:08:34.304Z] Object "/apphosting" in "firebase.json" is missing required property: {"missingProperty":"backendId"}
[debug] [2026-01-21T18:08:34.304Z] Field "/apphosting" in "firebase.json" is possibly invalid: must be array
[debug] [2026-01-21T18:08:34.304Z] Field "/apphosting" in "firebase.json" is possibly invalid: must match a schema in anyOf
[error] Failed to fetch Firebase Project from Studio Workspace because WORKSPACE_SLUG environment variable is empty
[debug] [2026-01-21T18:08:34.304Z] > command requires scopes: ["email","openid","https://www.googleapis.com/auth/cloudplatformprojects.readonly","https://www.googleapis.com/auth/firebase","https://www.googleapis.com/auth/cloud-platform","https://www.googleapis.com/auth/userinfo.email"]
[debug] [2026-01-21T18:08:34.312Z] > authorizing via signed-in user (ajay.sidal@opsvantagedigital.online)
[debug] [2026-01-21T18:08:34.312Z] Checked if tokens are valid: true, expires at: 1769020661384
[debug] [2026-01-21T18:08:34.312Z] Checked if tokens are valid: true, expires at: 1769020661384
[debug] [2026-01-21T18:08:34.312Z] >>> [apiv2][query] GET https://cloudbilling.googleapis.com/v1/projects/marz-ai/billingInfo [none]
[debug] [2026-01-21T18:08:34.335Z] Object "/apphosting" in "firebase.json" is missing required property: {"missingProperty":"backendId"}
[debug] [2026-01-21T18:08:34.339Z] Field "/apphosting" in "firebase.json" is possibly invalid: must be array
[debug] [2026-01-21T18:08:34.339Z] Field "/apphosting" in "firebase.json" is possibly invalid: must match a schema in anyOf
[error] Failed to fetch Firebase Project from Studio Workspace because WORKSPACE_SLUG environment variable is empty
[debug] [2026-01-21T18:08:34.340Z] Object "/apphosting" in "firebase.json" is missing required property: {"missingProperty":"backendId"}
[debug] [2026-01-21T18:08:34.340Z] Field "/apphosting" in "firebase.json" is possibly invalid: must be array
[debug] [2026-01-21T18:08:34.340Z] Field "/apphosting" in "firebase.json" is possibly invalid: must match a schema in anyOf
[error] Failed to fetch Firebase Project from Studio Workspace because WORKSPACE_SLUG environment variable is empty
[debug] [2026-01-21T18:08:34.341Z] > command requires scopes: ["email","openid","https://www.googleapis.com/auth/cloudplatformprojects.readonly","https://www.googleapis.com/auth/firebase","https://www.googleapis.com/auth/cloud-platform","https://www.googleapis.com/auth/userinfo.email"]
[debug] [2026-01-21T18:08:34.341Z] > authorizing via signed-in user (ajay.sidal@opsvantagedigital.online)
[debug] [2026-01-21T18:08:34.341Z] Checked if tokens are valid: true, expires at: 1769020661384
[debug] [2026-01-21T18:08:34.341Z] Checked if tokens are valid: true, expires at: 1769020661384
[debug] [2026-01-21T18:08:34.347Z] >>> [apiv2][query] GET https://cloudbilling.googleapis.com/v1/projects/marz-ai/billingInfo [none]
[debug] [2026-01-21T18:08:34.579Z] <<< [apiv2][status] GET https://cloudbilling.googleapis.com/v1/projects/marz-ai/billingInfo 200
[debug] [2026-01-21T18:08:34.579Z] <<< [apiv2][body] GET https://cloudbilling.googleapis.com/v1/projects/marz-ai/billingInfo {"name":"projects/marz-ai/billingInfo","projectId":"marz-ai","billingAccountName":"billingAccounts/013099-EF1FD5-68CC10","billingEnabled":true}
[debug] [2026-01-21T18:08:34.580Z] Object "/apphosting" in "firebase.json" is missing required property: {"missingProperty":"backendId"}
[debug] [2026-01-21T18:08:34.580Z] Field "/apphosting" in "firebase.json" is possibly invalid: must be array
[debug] [2026-01-21T18:08:34.580Z] Field "/apphosting" in "firebase.json" is possibly invalid: must match a schema in anyOf
[debug] [2026-01-21T18:08:34.581Z] Object "/apphosting" in "firebase.json" is missing required property: {"missingProperty":"backendId"}
[debug] [2026-01-21T18:08:34.581Z] Field "/apphosting" in "firebase.json" is possibly invalid: must be array
[debug] [2026-01-21T18:08:34.582Z] Field "/apphosting" in "firebase.json" is possibly invalid: must match a schema in anyOf
[error] Failed to fetch Firebase Project from Studio Workspace because WORKSPACE_SLUG environment variable is empty
[debug] [2026-01-21T18:08:34.582Z] > command requires scopes: ["email","openid","https://www.googleapis.com/auth/cloudplatformprojects.readonly","https://www.googleapis.com/auth/firebase","https://www.googleapis.com/auth/cloud-platform","https://www.googleapis.com/auth/userinfo.email"]
[debug] [2026-01-21T18:08:34.582Z] > authorizing via signed-in user (ajay.sidal@opsvantagedigital.online)
[debug] [2026-01-21T18:08:35.400Z] <<< [apiv2][status] GET https://cloudbilling.googleapis.com/v1/projects/marz-ai/billingInfo 200
[debug] [2026-01-21T18:08:35.404Z] <<< [apiv2][body] GET https://cloudbilling.googleapis.com/v1/projects/marz-ai/billingInfo {"name":"projects/marz-ai/billingInfo","projectId":"marz-ai","billingAccountName":"billingAccounts/013099-EF1FD5-68CC10","billingEnabled":true}
[debug] [2026-01-21T18:08:35.404Z] Object "/apphosting" in "firebase.json" is missing required property: {"missingProperty":"backendId"}
[debug] [2026-01-21T18:08:35.405Z] Field "/apphosting" in "firebase.json" is possibly invalid: must be array
[debug] [2026-01-21T18:08:35.405Z] Field "/apphosting" in "firebase.json" is possibly invalid: must match a schema in anyOf
[debug] [2026-01-21T18:08:35.405Z] Object "/apphosting" in "firebase.json" is missing required property: {"missingProperty":"backendId"}
[debug] [2026-01-21T18:08:35.415Z] Field "/apphosting" in "firebase.json" is possibly invalid: must be array
[debug] [2026-01-21T18:08:35.415Z] Field "/apphosting" in "firebase.json" is possibly invalid: must match a schema in anyOf
[error] Failed to fetch Firebase Project from Studio Workspace because WORKSPACE_SLUG environment variable is empty
[debug] [2026-01-21T18:08:35.416Z] > command requires scopes: ["email","openid","https://www.googleapis.com/auth/cloudplatformprojects.readonly","https://www.googleapis.com/auth/firebase","https://www.googleapis.com/auth/cloud-platform","https://www.googleapis.com/auth/userinfo.email"]
[debug] [2026-01-21T18:08:35.416Z] > authorizing via signed-in user (ajay.sidal@opsvantagedigital.online)
[debug] [2026-01-21T18:09:38.098Z] Object "/apphosting" in "firebase.json" is missing required property: {"missingProperty":"backendId"}
[debug] [2026-01-21T18:09:38.105Z] Field "/apphosting" in "firebase.json" is possibly invalid: must be array
[debug] [2026-01-21T18:09:38.106Z] Field "/apphosting" in "firebase.json" is possibly invalid: must match a schema in anyOf
[error] Failed to fetch Firebase Project from Studio Workspace because WORKSPACE_SLUG environment variable is empty
[debug] [2026-01-21T18:09:38.116Z] Object "/apphosting" in "firebase.json" is missing required property: {"missingProperty":"backendId"}
[debug] [2026-01-21T18:09:38.116Z] Field "/apphosting" in "firebase.json" is possibly invalid: must be array
[debug] [2026-01-21T18:09:38.117Z] Field "/apphosting" in "firebase.json" is possibly invalid: must match a schema in anyOf
[error] Failed to fetch Firebase Project from Studio Workspace because WORKSPACE_SLUG environment variable is empty
[debug] [2026-01-21T18:09:38.118Z] Object "/apphosting" in "firebase.json" is missing required property: {"missingProperty":"backendId"}
[debug] [2026-01-21T18:09:38.119Z] Field "/apphosting" in "firebase.json" is possibly invalid: must be array
[debug] [2026-01-21T18:09:38.119Z] Field "/apphosting" in "firebase.json" is possibly invalid: must match a schema in anyOf
[error] Failed to fetch Firebase Project from Studio Workspace because WORKSPACE_SLUG environment variable is empty
[debug] [2026-01-21T18:09:38.120Z] Object "/apphosting" in "firebase.json" is missing required property: {"missingProperty":"backendId"}
[debug] [2026-01-21T18:09:38.120Z] Field "/apphosting" in "firebase.json" is possibly invalid: must be array
[debug] [2026-01-21T18:09:38.120Z] Field "/apphosting" in "firebase.json" is possibly invalid: must match a schema in anyOf
[error] Failed to fetch Firebase Project from Studio Workspace because WORKSPACE_SLUG environment variable is empty
[debug] [2026-01-21T18:09:38.121Z] > command requires scopes: ["email","openid","https://www.googleapis.com/auth/cloudplatformprojects.readonly","https://www.googleapis.com/auth/firebase","https://www.googleapis.com/auth/cloud-platform","https://www.googleapis.com/auth/userinfo.email"]
[debug] [2026-01-21T18:09:38.122Z] > authorizing via signed-in user (ajay.sidal@opsvantagedigital.online)
[debug] [2026-01-21T18:09:38.123Z] Checked if tokens are valid: true, expires at: 1769020661384
[debug] [2026-01-21T18:09:38.123Z] Checked if tokens are valid: true, expires at: 1769020661384
[debug] [2026-01-21T18:09:38.123Z] > command requires scopes: ["email","openid","https://www.googleapis.com/auth/cloudplatformprojects.readonly","https://www.googleapis.com/auth/firebase","https://www.googleapis.com/auth/cloud-platform","https://www.googleapis.com/auth/userinfo.email"]
[debug] [2026-01-21T18:09:38.123Z] > authorizing via signed-in user (ajay.sidal@opsvantagedigital.online)
[debug] [2026-01-21T18:09:38.123Z] Checked if tokens are valid: true, expires at: 1769020661384
[debug] [2026-01-21T18:09:38.124Z] Checked if tokens are valid: true, expires at: 1769020661384
[debug] [2026-01-21T18:09:38.125Z] >>> [apiv2][query] GET https://cloudbilling.googleapis.com/v1/projects/marz-ai/billingInfo [none]
[debug] [2026-01-21T18:09:38.127Z] >>> [apiv2][query] GET https://cloudbilling.googleapis.com/v1/projects/marz-ai/billingInfo [none]
[debug] [2026-01-21T18:09:38.476Z] <<< [apiv2][status] GET https://cloudbilling.googleapis.com/v1/projects/marz-ai/billingInfo 200
[debug] [2026-01-21T18:09:38.479Z] <<< [apiv2][body] GET https://cloudbilling.googleapis.com/v1/projects/marz-ai/billingInfo {"name":"projects/marz-ai/billingInfo","projectId":"marz-ai","billingAccountName":"billingAccounts/013099-EF1FD5-68CC10","billingEnabled":true}
[debug] [2026-01-21T18:09:38.480Z] Object "/apphosting" in "firebase.json" is missing required property: {"missingProperty":"backendId"}
[debug] [2026-01-21T18:09:38.483Z] Field "/apphosting" in "firebase.json" is possibly invalid: must be array
[debug] [2026-01-21T18:09:38.483Z] Field "/apphosting" in "firebase.json" is possibly invalid: must match a schema in anyOf
[debug] [2026-01-21T18:09:38.498Z] Checked if tokens are valid: true, expires at: 1769020661384
[debug] [2026-01-21T18:09:38.500Z] Checked if tokens are valid: true, expires at: 1769020661384
[debug] [2026-01-21T18:09:38.501Z] Checked if tokens are valid: true, expires at: 1769020661384
[debug] [2026-01-21T18:09:38.502Z] Checked if tokens are valid: true, expires at: 1769020661384
[debug] [2026-01-21T18:09:38.502Z] Checked if tokens are valid: true, expires at: 1769020661384
[debug] [2026-01-21T18:09:38.502Z] Checked if tokens are valid: true, expires at: 1769020661384
[debug] [2026-01-21T18:09:38.534Z] Checked if tokens are valid: true, expires at: 1769020661384
[debug] [2026-01-21T18:09:38.534Z] Checked if tokens are valid: true, expires at: 1769020661384
[debug] [2026-01-21T18:09:38.539Z] >>> [apiv2][query] GET https://serviceusage.googleapis.com/v1/projects/marz-ai/services/firestore.googleapis.com [none]
[debug] [2026-01-21T18:09:38.539Z] >>> [apiv2][(partial)header] GET https://serviceusage.googleapis.com/v1/projects/marz-ai/services/firestore.googleapis.com x-goog-quota-user=projects/marz-ai
[debug] [2026-01-21T18:09:38.543Z] >>> [apiv2][query] GET https://serviceusage.googleapis.com/v1/projects/marz-ai/services/fcm.googleapis.com [none]
[debug] [2026-01-21T18:09:38.544Z] >>> [apiv2][(partial)header] GET https://serviceusage.googleapis.com/v1/projects/marz-ai/services/fcm.googleapis.com x-goog-quota-user=projects/marz-ai
[debug] [2026-01-21T18:09:38.547Z] >>> [apiv2][query] GET https://serviceusage.googleapis.com/v1/projects/marz-ai/services/firebaseremoteconfig.googleapis.com [none]
[debug] [2026-01-21T18:09:38.547Z] >>> [apiv2][(partial)header] GET https://serviceusage.googleapis.com/v1/projects/marz-ai/services/firebaseremoteconfig.googleapis.com x-goog-quota-user=projects/marz-ai
[debug] [2026-01-21T18:09:38.549Z] >>> [apiv2][query] GET https://serviceusage.googleapis.com/v1/projects/marz-ai/services/firebaseio.com [none]
[debug] [2026-01-21T18:09:38.549Z] >>> [apiv2][(partial)header] GET https://serviceusage.googleapis.com/v1/projects/marz-ai/services/firebaseio.com x-goog-quota-user=projects/marz-ai
[debug] [2026-01-21T18:09:38.775Z] <<< [apiv2][status] GET https://cloudbilling.googleapis.com/v1/projects/marz-ai/billingInfo 200
[debug] [2026-01-21T18:09:38.775Z] <<< [apiv2][body] GET https://cloudbilling.googleapis.com/v1/projects/marz-ai/billingInfo {"name":"projects/marz-ai/billingInfo","projectId":"marz-ai","billingAccountName":"billingAccounts/013099-EF1FD5-68CC10","billingEnabled":true}
[debug] [2026-01-21T18:09:38.776Z] Object "/apphosting" in "firebase.json" is missing required property: {"missingProperty":"backendId"}
[debug] [2026-01-21T18:09:38.776Z] Field "/apphosting" in "firebase.json" is possibly invalid: must be array
[debug] [2026-01-21T18:09:38.776Z] Field "/apphosting" in "firebase.json" is possibly invalid: must match a schema in anyOf
[debug] [2026-01-21T18:09:38.784Z] Checked if tokens are valid: true, expires at: 1769020661384
[debug] [2026-01-21T18:09:38.784Z] Checked if tokens are valid: true, expires at: 1769020661384
[debug] [2026-01-21T18:09:38.784Z] Checked if tokens are valid: true, expires at: 1769020661384
[debug] [2026-01-21T18:09:38.787Z] Checked if tokens are valid: true, expires at: 1769020661384
[debug] [2026-01-21T18:09:38.787Z] Checked if tokens are valid: true, expires at: 1769020661384
[debug] [2026-01-21T18:09:38.787Z] Checked if tokens are valid: true, expires at: 1769020661384
[debug] [2026-01-21T18:09:38.808Z] Checked if tokens are valid: true, expires at: 1769020661384
[debug] [2026-01-21T18:09:38.809Z] Checked if tokens are valid: true, expires at: 1769020661384
[debug] [2026-01-21T18:09:38.809Z] >>> [apiv2][query] GET https://serviceusage.googleapis.com/v1/projects/marz-ai/services/firestore.googleapis.com [none]
[debug] [2026-01-21T18:09:38.809Z] >>> [apiv2][(partial)header] GET https://serviceusage.googleapis.com/v1/projects/marz-ai/services/firestore.googleapis.com x-goog-quota-user=projects/marz-ai
[debug] [2026-01-21T18:09:38.814Z] >>> [apiv2][query] GET https://serviceusage.googleapis.com/v1/projects/marz-ai/services/fcm.googleapis.com [none]
[debug] [2026-01-21T18:09:38.814Z] >>> [apiv2][(partial)header] GET https://serviceusage.googleapis.com/v1/projects/marz-ai/services/fcm.googleapis.com x-goog-quota-user=projects/marz-ai
[debug] [2026-01-21T18:09:38.818Z] >>> [apiv2][query] GET https://serviceusage.googleapis.com/v1/projects/marz-ai/services/firebaseremoteconfig.googleapis.com [none]
[debug] [2026-01-21T18:09:38.819Z] >>> [apiv2][(partial)header] GET https://serviceusage.googleapis.com/v1/projects/marz-ai/services/firebaseremoteconfig.googleapis.com x-goog-quota-user=projects/marz-ai
[debug] [2026-01-21T18:09:38.825Z] >>> [apiv2][query] GET https://serviceusage.googleapis.com/v1/projects/marz-ai/services/firebaseio.com [none]
[debug] [2026-01-21T18:09:38.825Z] >>> [apiv2][(partial)header] GET https://serviceusage.googleapis.com/v1/projects/marz-ai/services/firebaseio.com x-goog-quota-user=projects/marz-ai
[debug] [2026-01-21T18:09:39.645Z] <<< [apiv2][status] GET https://serviceusage.googleapis.com/v1/projects/marz-ai/services/firebaseio.com 403
[debug] [2026-01-21T18:09:39.645Z] <<< [apiv2][body] GET https://serviceusage.googleapis.com/v1/projects/marz-ai/services/firebaseio.com [omitted]
[debug] [2026-01-21T18:09:39.747Z] <<< [apiv2][status] GET https://serviceusage.googleapis.com/v1/projects/marz-ai/services/fcm.googleapis.com 200
[debug] [2026-01-21T18:09:39.747Z] <<< [apiv2][body] GET https://serviceusage.googleapis.com/v1/projects/marz-ai/services/fcm.googleapis.com [omitted]
[debug] [2026-01-21T18:09:39.763Z] <<< [apiv2][status] GET https://serviceusage.googleapis.com/v1/projects/marz-ai/services/firebaseremoteconfig.googleapis.com 200
[debug] [2026-01-21T18:09:39.763Z] <<< [apiv2][body] GET https://serviceusage.googleapis.com/v1/projects/marz-ai/services/firebaseremoteconfig.googleapis.com [omitted]
[debug] [2026-01-21T18:09:39.764Z] <<< [apiv2][status] GET https://serviceusage.googleapis.com/v1/projects/marz-ai/services/firestore.googleapis.com 200
[debug] [2026-01-21T18:09:39.764Z] <<< [apiv2][body] GET https://serviceusage.googleapis.com/v1/projects/marz-ai/services/firestore.googleapis.com [omitted]
[debug] [2026-01-21T18:09:39.870Z] <<< [apiv2][status] GET https://serviceusage.googleapis.com/v1/projects/marz-ai/services/firebaseio.com 403
[debug] [2026-01-21T18:09:39.870Z] <<< [apiv2][body] GET https://serviceusage.googleapis.com/v1/projects/marz-ai/services/firebaseio.com [omitted]
[debug] [2026-01-21T18:09:39.895Z] <<< [apiv2][status] GET https://serviceusage.googleapis.com/v1/projects/marz-ai/services/firestore.googleapis.com 200
[debug] [2026-01-21T18:09:39.895Z] <<< [apiv2][body] GET https://serviceusage.googleapis.com/v1/projects/marz-ai/services/firestore.googleapis.com [omitted]
[debug] [2026-01-21T18:09:40.089Z] <<< [apiv2][status] GET https://serviceusage.googleapis.com/v1/projects/marz-ai/services/fcm.googleapis.com 200
[debug] [2026-01-21T18:09:40.090Z] <<< [apiv2][body] GET https://serviceusage.googleapis.com/v1/projects/marz-ai/services/fcm.googleapis.com [omitted]
[debug] [2026-01-21T18:09:40.092Z] <<< [apiv2][status] GET https://serviceusage.googleapis.com/v1/projects/marz-ai/services/firebaseremoteconfig.googleapis.com 200
[debug] [2026-01-21T18:09:40.092Z] <<< [apiv2][body] GET https://serviceusage.googleapis.com/v1/projects/marz-ai/services/firebaseremoteconfig.googleapis.com [omitted]
[debug] [2026-01-21T18:09:40.093Z] Object "/apphosting" in "firebase.json" is missing required property: {"missingProperty":"backendId"}
[debug] [2026-01-21T18:09:40.093Z] Field "/apphosting" in "firebase.json" is possibly invalid: must be array
[debug] [2026-01-21T18:09:40.093Z] Field "/apphosting" in "firebase.json" is possibly invalid: must match a schema in anyOf
[error] Failed to fetch Firebase Project from Studio Workspace because WORKSPACE_SLUG environment variable is empty
[debug] [2026-01-21T18:09:40.104Z] Object "/apphosting" in "firebase.json" is missing required property: {"missingProperty":"backendId"}
[debug] [2026-01-21T18:09:40.104Z] Field "/apphosting" in "firebase.json" is possibly invalid: must be array
[debug] [2026-01-21T18:09:40.104Z] Field "/apphosting" in "firebase.json" is possibly invalid: must match a schema in anyOf
[error] Failed to fetch Firebase Project from Studio Workspace because WORKSPACE_SLUG environment variable is empty
[debug] [2026-01-21T18:09:40.105Z] Object "/apphosting" in "firebase.json" is missing required property: {"missingProperty":"backendId"}
[debug] [2026-01-21T18:09:40.108Z] Field "/apphosting" in "firebase.json" is possibly invalid: must be array
[debug] [2026-01-21T18:09:40.108Z] Field "/apphosting" in "firebase.json" is possibly invalid: must match a schema in anyOf
[error] Failed to fetch Firebase Project from Studio Workspace because WORKSPACE_SLUG environment variable is empty
[debug] [2026-01-21T18:09:40.108Z] > command requires scopes: ["email","openid","https://www.googleapis.com/auth/cloudplatformprojects.readonly","https://www.googleapis.com/auth/firebase","https://www.googleapis.com/auth/cloud-platform","https://www.googleapis.com/auth/userinfo.email"]
[debug] [2026-01-21T18:09:40.108Z] > authorizing via signed-in user (ajay.sidal@opsvantagedigital.online)
[debug] [2026-01-21T18:09:40.109Z] Checked if tokens are valid: true, expires at: 1769020661384
[debug] [2026-01-21T18:09:40.109Z] Checked if tokens are valid: true, expires at: 1769020661384
[debug] [2026-01-21T18:09:40.109Z] >>> [apiv2][query] GET https://cloudbilling.googleapis.com/v1/projects/marz-ai/billingInfo [none]
[debug] [2026-01-21T18:09:40.394Z] <<< [apiv2][status] GET https://cloudbilling.googleapis.com/v1/projects/marz-ai/billingInfo 200
[debug] [2026-01-21T18:09:40.396Z] <<< [apiv2][body] GET https://cloudbilling.googleapis.com/v1/projects/marz-ai/billingInfo {"name":"projects/marz-ai/billingInfo","projectId":"marz-ai","billingAccountName":"billingAccounts/013099-EF1FD5-68CC10","billingEnabled":true}
[debug] [2026-01-21T18:09:40.396Z] Object "/apphosting" in "firebase.json" is missing required property: {"missingProperty":"backendId"}
[debug] [2026-01-21T18:09:40.397Z] Field "/apphosting" in "firebase.json" is possibly invalid: must be array
[debug] [2026-01-21T18:09:40.397Z] Field "/apphosting" in "firebase.json" is possibly invalid: must match a schema in anyOf
[debug] [2026-01-21T18:09:40.399Z] Object "/apphosting" in "firebase.json" is missing required property: {"missingProperty":"backendId"}
[debug] [2026-01-21T18:09:40.399Z] Field "/apphosting" in "firebase.json" is possibly invalid: must be array
[debug] [2026-01-21T18:09:40.399Z] Field "/apphosting" in "firebase.json" is possibly invalid: must match a schema in anyOf
[error] Failed to fetch Firebase Project from Studio Workspace because WORKSPACE_SLUG environment variable is empty
[debug] [2026-01-21T18:09:40.400Z] > command requires scopes: ["email","openid","https://www.googleapis.com/auth/cloudplatformprojects.readonly","https://www.googleapis.com/auth/firebase","https://www.googleapis.com/auth/cloud-platform","https://www.googleapis.com/auth/userinfo.email"]
[debug] [2026-01-21T18:09:40.400Z] > authorizing via signed-in user (ajay.sidal@opsvantagedigital.online)
[debug] [2026-01-21T18:09:43.314Z] Object "/apphosting" in "firebase.json" is missing required property: {"missingProperty":"backendId"}
[debug] [2026-01-21T18:09:43.319Z] Field "/apphosting" in "firebase.json" is possibly invalid: must be array
[debug] [2026-01-21T18:09:43.319Z] Field "/apphosting" in "firebase.json" is possibly invalid: must match a schema in anyOf
[error] Failed to fetch Firebase Project from Studio Workspace because WORKSPACE_SLUG environment variable is empty
[debug] [2026-01-21T18:09:43.327Z] Object "/apphosting" in "firebase.json" is missing required property: {"missingProperty":"backendId"}
[debug] [2026-01-21T18:09:43.327Z] Field "/apphosting" in "firebase.json" is possibly invalid: must be array
[debug] [2026-01-21T18:09:43.327Z] Field "/apphosting" in "firebase.json" is possibly invalid: must match a schema in anyOf
[error] Failed to fetch Firebase Project from Studio Workspace because WORKSPACE_SLUG environment variable is empty
[debug] [2026-01-21T18:09:43.350Z] Object "/apphosting" in "firebase.json" is missing required property: {"missingProperty":"backendId"}
[debug] [2026-01-21T18:09:43.351Z] Field "/apphosting" in "firebase.json" is possibly invalid: must be array
[debug] [2026-01-21T18:09:43.351Z] Field "/apphosting" in "firebase.json" is possibly invalid: must match a schema in anyOf
[error] Failed to fetch Firebase Project from Studio Workspace because WORKSPACE_SLUG environment variable is empty
[debug] [2026-01-21T18:09:43.359Z] Object "/apphosting" in "firebase.json" is missing required property: {"missingProperty":"backendId"}
[debug] [2026-01-21T18:09:43.360Z] Field "/apphosting" in "firebase.json" is possibly invalid: must be array
[debug] [2026-01-21T18:09:43.360Z] Field "/apphosting" in "firebase.json" is possibly invalid: must match a schema in anyOf
[error] Failed to fetch Firebase Project from Studio Workspace because WORKSPACE_SLUG environment variable is empty
[debug] [2026-01-21T18:09:43.368Z] > command requires scopes: ["email","openid","https://www.googleapis.com/auth/cloudplatformprojects.readonly","https://www.googleapis.com/auth/firebase","https://www.googleapis.com/auth/cloud-platform","https://www.googleapis.com/auth/userinfo.email"]
[debug] [2026-01-21T18:09:43.368Z] > authorizing via signed-in user (ajay.sidal@opsvantagedigital.online)
[debug] [2026-01-21T18:09:43.369Z] Checked if tokens are valid: true, expires at: 1769020661384
[debug] [2026-01-21T18:09:43.369Z] Checked if tokens are valid: true, expires at: 1769020661384
[debug] [2026-01-21T18:09:43.369Z] >>> [apiv2][query] GET https://cloudbilling.googleapis.com/v1/projects/marz-ai/billingInfo [none]
[debug] [2026-01-21T18:09:43.409Z] Object "/apphosting" in "firebase.json" is missing required property: {"missingProperty":"backendId"}
[debug] [2026-01-21T18:09:43.410Z] Field "/apphosting" in "firebase.json" is possibly invalid: must be array
[debug] [2026-01-21T18:09:43.410Z] Field "/apphosting" in "firebase.json" is possibly invalid: must match a schema in anyOf
[error] Failed to fetch Firebase Project from Studio Workspace because WORKSPACE_SLUG environment variable is empty
[debug] [2026-01-21T18:09:43.411Z] Object "/apphosting" in "firebase.json" is missing required property: {"missingProperty":"backendId"}
[debug] [2026-01-21T18:09:43.411Z] Field "/apphosting" in "firebase.json" is possibly invalid: must be array
[debug] [2026-01-21T18:09:43.411Z] Field "/apphosting" in "firebase.json" is possibly invalid: must match a schema in anyOf
[error] Failed to fetch Firebase Project from Studio Workspace because WORKSPACE_SLUG environment variable is empty
[debug] [2026-01-21T18:09:43.417Z] > command requires scopes: ["email","openid","https://www.googleapis.com/auth/cloudplatformprojects.readonly","https://www.googleapis.com/auth/firebase","https://www.googleapis.com/auth/cloud-platform","https://www.googleapis.com/auth/userinfo.email"]
[debug] [2026-01-21T18:09:43.418Z] > authorizing via signed-in user (ajay.sidal@opsvantagedigital.online)
[debug] [2026-01-21T18:09:43.418Z] Checked if tokens are valid: true, expires at: 1769020661384
[debug] [2026-01-21T18:09:43.418Z] Checked if tokens are valid: true, expires at: 1769020661384
[debug] [2026-01-21T18:09:43.418Z] >>> [apiv2][query] GET https://cloudbilling.googleapis.com/v1/projects/marz-ai/billingInfo [none]
[debug] [2026-01-21T18:09:43.704Z] <<< [apiv2][status] GET https://cloudbilling.googleapis.com/v1/projects/marz-ai/billingInfo 200
[debug] [2026-01-21T18:09:43.705Z] <<< [apiv2][body] GET https://cloudbilling.googleapis.com/v1/projects/marz-ai/billingInfo {"name":"projects/marz-ai/billingInfo","projectId":"marz-ai","billingAccountName":"billingAccounts/013099-EF1FD5-68CC10","billingEnabled":true}
[debug] [2026-01-21T18:09:43.705Z] Object "/apphosting" in "firebase.json" is missing required property: {"missingProperty":"backendId"}
[debug] [2026-01-21T18:09:43.705Z] Field "/apphosting" in "firebase.json" is possibly invalid: must be array
[debug] [2026-01-21T18:09:43.705Z] Field "/apphosting" in "firebase.json" is possibly invalid: must match a schema in anyOf
[debug] [2026-01-21T18:09:43.725Z] Object "/apphosting" in "firebase.json" is missing required property: {"missingProperty":"backendId"}
[debug] [2026-01-21T18:09:43.726Z] Field "/apphosting" in "firebase.json" is possibly invalid: must be array
[debug] [2026-01-21T18:09:43.726Z] Field "/apphosting" in "firebase.json" is possibly invalid: must match a schema in anyOf
[error] Failed to fetch Firebase Project from Studio Workspace because WORKSPACE_SLUG environment variable is empty
[debug] [2026-01-21T18:09:43.726Z] > command requires scopes: ["email","openid","https://www.googleapis.com/auth/cloudplatformprojects.readonly","https://www.googleapis.com/auth/firebase","https://www.googleapis.com/auth/cloud-platform","https://www.googleapis.com/auth/userinfo.email"]
[debug] [2026-01-21T18:09:43.734Z] > authorizing via signed-in user (ajay.sidal@opsvantagedigital.online)
[debug] [2026-01-21T18:09:43.782Z] <<< [apiv2][status] GET https://cloudbilling.googleapis.com/v1/projects/marz-ai/billingInfo 200
[debug] [2026-01-21T18:09:43.783Z] <<< [apiv2][body] GET https://cloudbilling.googleapis.com/v1/projects/marz-ai/billingInfo {"name":"projects/marz-ai/billingInfo","projectId":"marz-ai","billingAccountName":"billingAccounts/013099-EF1FD5-68CC10","billingEnabled":true}
[debug] [2026-01-21T18:09:43.783Z] Object "/apphosting" in "firebase.json" is missing required property: {"missingProperty":"backendId"}
[debug] [2026-01-21T18:09:43.783Z] Field "/apphosting" in "firebase.json" is possibly invalid: must be array
[debug] [2026-01-21T18:09:43.783Z] Field "/apphosting" in "firebase.json" is possibly invalid: must match a schema in anyOf
[debug] [2026-01-21T18:09:43.795Z] Object "/apphosting" in "firebase.json" is missing required property: {"missingProperty":"backendId"}
[debug] [2026-01-21T18:09:43.795Z] Field "/apphosting" in "firebase.json" is possibly invalid: must be array
[debug] [2026-01-21T18:09:43.795Z] Field "/apphosting" in "firebase.json" is possibly invalid: must match a schema in anyOf
[error] Failed to fetch Firebase Project from Studio Workspace because WORKSPACE_SLUG environment variable is empty
[debug] [2026-01-21T18:09:43.799Z] > command requires scopes: ["email","openid","https://www.googleapis.com/auth/cloudplatformprojects.readonly","https://www.googleapis.com/auth/firebase","https://www.googleapis.com/auth/cloud-platform","https://www.googleapis.com/auth/userinfo.email"]
[debug] [2026-01-21T18:09:43.800Z] > authorizing via signed-in user (ajay.sidal@opsvantagedigital.online)
